[2016.03.23-10.41.09:106][  0]Log file open, 03/23/16 06:41:09
[2016.03.23-10.41.09:106][  0]LogInit:Display: Running engine for game: ULNExample
[2016.03.23-10.41.09:106][  0]LogPlatformFile: Not using cached read wrapper
[2016.03.23-10.41.09:106][  0]LogInit:Display: RandInit(2026721701) SRandInit(2026721702).
[2016.03.23-10.41.09:106][  0]LogTaskGraph: Started task graph with 4 named threads and 7 total threads.
[2016.03.23-10.41.09:106][  0]LogStats: Stats thread started at 0.088134
[2016.03.23-10.41.09:106][  0]LogInit: Version: 4.10.4-2872498+++depot+UE4-Releases+4.10
[2016.03.23-10.41.09:106][  0]LogInit: API Version: 2758231
[2016.03.23-10.41.09:106][  0]LogInit: Compiled (64-bit): Feb 18 2016 15:47:04
[2016.03.23-10.41.09:106][  0]LogInit: Compiled with Visual C++: 19.00.23026.00
[2016.03.23-10.41.09:106][  0]LogInit: Build Configuration: Development
[2016.03.23-10.41.09:106][  0]LogInit: Branch Name: ++depot+UE4-Releases+4.10
[2016.03.23-10.41.09:106][  0]LogInit: Command line:  
[2016.03.23-10.41.09:106][  0]LogInit: Base directory: D:/Program Files (x86)/Epic Games/4.10/Engine/Binaries/Win64/
[2016.03.23-10.41.09:106][  0]LogInit: Rocket: 1
[2016.03.23-10.41.09:112][  0]LogInit: Using libcurl 7.41.0
[2016.03.23-10.41.09:112][  0]LogInit:  - built for x86_64-pc-win32
[2016.03.23-10.41.09:112][  0]LogInit:  - supports SSL with WinSSL
[2016.03.23-10.41.09:112][  0]LogInit:  - other features:
[2016.03.23-10.41.09:112][  0]LogInit:      CURL_VERSION_SSL
[2016.03.23-10.41.09:112][  0]LogInit:      CURL_VERSION_IPV6
[2016.03.23-10.41.09:112][  0]LogInit:      CURL_VERSION_ASYNCHDNS
[2016.03.23-10.41.09:112][  0]LogInit:      CURL_VERSION_LARGEFILE
[2016.03.23-10.41.09:112][  0]LogInit:      CURL_VERSION_IDN
[2016.03.23-10.41.09:112][  0]LogInit:  CurlRequestOptions (configurable via config and command line):
[2016.03.23-10.41.09:112][  0]LogInit:  - bVerifyPeer = true  - Libcurl will verify peer certificate
[2016.03.23-10.41.09:112][  0]LogInit:  - bUseHttpProxy = false  - Libcurl will NOT use HTTP proxy
[2016.03.23-10.41.09:112][  0]LogInit:  - bDontReuseConnections = false  - Libcurl will reuse connections
[2016.03.23-10.41.09:112][  0]LogInit:  - CertBundlePath = nullptr  - Libcurl will use whatever was configured at build time.
[2016.03.23-10.41.09:116][  0]LogInit: Presizing for 0 objects not considered by GC, pre-allocating 0 bytes.
[2016.03.23-10.41.09:121][  0]LogInit: Object subsystem initialized
[2016.03.23-10.41.09:121][  0]LogInit: Selected Device Profile: [Windows]
[2016.03.23-10.41.09:121][  0]LogInit: Applying CVar settings loaded from the selected device profile: [Windows]
[2016.03.23-10.41.09:130][  0]LogInit: Computer: DESKTOP-3ABQRE3
[2016.03.23-10.41.09:130][  0]LogInit: User: mjham
[2016.03.23-10.41.09:130][  0]LogInit: CPU Page size=4096, Cores=4
[2016.03.23-10.41.09:130][  0]LogInit: High frequency timer resolution =3.416981 MHz
[2016.03.23-10.41.09:130][  0]LogMemory: Memory total: Physical=15.9GB (16GB approx)
[2016.03.23-10.41.09:130][  0]LogMemory: Platform Memory Stats for Windows
[2016.03.23-10.41.09:130][  0]LogMemory: Process Physical Memory: 57.78 MB used, 57.78 MB peak
[2016.03.23-10.41.09:130][  0]LogMemory: Process Virtual Memory: 57.05 MB used, 57.05 MB peak
[2016.03.23-10.41.09:130][  0]LogMemory: Physical Memory: 4269.19 MB used, 16269.04 MB total
[2016.03.23-10.41.09:130][  0]LogMemory: Virtual Memory: 383.49 MB used, 134217728.00 MB total
[2016.03.23-10.41.09:169][  0]LogTextLocalizationManager: No specific translations for ('en-US') exist, so ('en') translations will be used.
[2016.03.23-10.41.09:515][  0]LogD3D11RHI: Found D3D11 adapter 0: NVIDIA GeForce GTX 970 (Feature Level 11_0)
[2016.03.23-10.41.09:515][  0]LogD3D11RHI: Adapter has 4007MB of dedicated video memory, 0MB of dedicated system memory, and 8134MB of shared system memory, 1 output[s]
[2016.03.23-10.41.09:521][  0]LogD3D11RHI: Found D3D11 adapter 1: Intel(R) HD Graphics 4600 (Feature Level 11_0)
[2016.03.23-10.41.09:521][  0]LogD3D11RHI: Adapter has 112MB of dedicated video memory, 0MB of dedicated system memory, and 8134MB of shared system memory, 0 output[s]
[2016.03.23-10.41.09:549][  0]LogD3D11RHI: Found D3D11 adapter 2: NVIDIA GeForce GTX 970 (Feature Level 11_0)
[2016.03.23-10.41.09:549][  0]LogD3D11RHI: Adapter has 4007MB of dedicated video memory, 0MB of dedicated system memory, and 8134MB of shared system memory, 0 output[s]
[2016.03.23-10.41.09:551][  0]LogD3D11RHI: Found D3D11 adapter 3: Microsoft Basic Render Driver (Feature Level 11_0)
[2016.03.23-10.41.09:551][  0]LogD3D11RHI: Adapter has 0MB of dedicated video memory, 0MB of dedicated system memory, and 8134MB of shared system memory, 0 output[s]
[2016.03.23-10.41.09:551][  0]LogD3D11RHI: Chosen D3D11 Adapter Id = 0
[2016.03.23-10.41.09:554][  0]LogD3D11RHI: !Direct3DDevice
[2016.03.23-10.41.09:554][  0]LogRHI: Texture pool is 1361 MB (70% of 1945 MB)
[2016.03.23-10.41.09:567][  0]LogD3D11RHI: Async texture creation enabled
[2016.03.23-10.41.09:582][  0]LogShaderCompilers: Guid format shader working directory is -20 characters bigger than the processId version (../../../../../../Users/mjham/Documents/Unreal Projects/ULNExample/Intermediate/Shaders/WorkingDirectory/5196/).
[2016.03.23-10.41.09:582][  0]LogShaderCompilers: Cleaned the shader compiler working directory 'C:/Users/mjham/AppData/Local/Temp/UnrealShaderWorkingDir/4E76286042099998ED4B7BB9591DA367/'.
[2016.03.23-10.41.09:582][  0]LogShaderCompilers:Display: Using Local Shader Compiler.
[2016.03.23-10.41.10:278][  0]LogTemp:Display: Loaded TP AllDesktopTargetPlatform
[2016.03.23-10.41.10:281][  0]LogTemp:Display: Loaded TP WindowsClientTargetPlatform
[2016.03.23-10.41.10:284][  0]LogTemp:Display: Loaded TP WindowsNoEditorTargetPlatform
[2016.03.23-10.41.10:287][  0]LogTemp:Display: Loaded TP WindowsServerTargetPlatform
[2016.03.23-10.41.10:289][  0]LogTemp:Display: Loaded TP WindowsTargetPlatform
[2016.03.23-10.41.10:291][  0]LogTemp:Display: Loaded TP AndroidTargetPlatform
[2016.03.23-10.41.10:293][  0]LogTemp:Display: Loaded TP Android_ASTCTargetPlatform
[2016.03.23-10.41.10:295][  0]LogTemp:Display: Loaded TP Android_ATCTargetPlatform
[2016.03.23-10.41.10:297][  0]LogTemp:Display: Loaded TP Android_DXTTargetPlatform
[2016.03.23-10.41.10:299][  0]LogTemp:Display: Loaded TP Android_ETC1TargetPlatform
[2016.03.23-10.41.10:302][  0]LogTemp:Display: Loaded TP Android_ETC2TargetPlatform
[2016.03.23-10.41.10:306][  0]LogTemp:Display: Loaded TP Android_MultiTargetPlatform
[2016.03.23-10.41.10:306][  0]LogTemp:Display: Loaded TP Android_PVRTCTargetPlatform
[2016.03.23-10.41.10:307][  0]LogTemp:Display: Loaded TP HTML5TargetPlatform
[2016.03.23-10.41.10:322][  0]LogTemp:Display: Loaded TP IOSTargetPlatform
[2016.03.23-10.41.10:324][  0]LogTemp:Display: Loaded TP LinuxNoEditorTargetPlatform
[2016.03.23-10.41.10:326][  0]LogTemp:Display: Loaded TP LinuxServerTargetPlatform
[2016.03.23-10.41.10:329][  0]LogTemp:Display: Loaded TP LinuxTargetPlatform
[2016.03.23-10.41.10:329][  0]LogTargetPlatformManager:Display: Building Assets For Windows
[2016.03.23-10.41.10:396][  0]LogDerivedDataCache:Display: Max Cache Size: 512 MB
[2016.03.23-10.41.10:429][  0]LogDerivedDataCache: Loaded boot cache 0.03s 41MB C:/Users/mjham/AppData/Local/UnrealEngine/4.10/DerivedDataCache/Boot.ddc.
[2016.03.23-10.41.10:429][  0]LogDerivedDataCache:Display: Loaded Boot cache: C:/Users/mjham/AppData/Local/UnrealEngine/4.10/DerivedDataCache/Boot.ddc
[2016.03.23-10.41.10:429][  0]LogDerivedDataCache: FDerivedDataBackendGraph:  Pak pak cache file ../../../../../../Users/mjham/Documents/Unreal Projects/ULNExample/DerivedDataCache/DDC.ddp not found, will not use a pak cache.
[2016.03.23-10.41.10:429][  0]LogDerivedDataCache: Unable to find inner node Pak for hierarchical cache Hierarchy.
[2016.03.23-10.41.10:429][  0]LogDerivedDataCache: FDerivedDataBackendGraph:  CompressedPak pak cache file ../../../../../../Users/mjham/Documents/Unreal Projects/ULNExample/DerivedDataCache/Compressed.ddp not found, will not use a pak cache.
[2016.03.23-10.41.10:429][  0]LogDerivedDataCache: Unable to find inner node CompressedPak for hierarchical cache Hierarchy.
[2016.03.23-10.41.10:472][  0]LogDerivedDataCache:Display: Pak cache opened for reading ../../../Engine/DerivedDataCache/Compressed.ddp.
[2016.03.23-10.41.10:485][  0]LogDerivedDataCache: Using Local data cache path C:/Users/mjham/AppData/Local/UnrealEngine/Common/DerivedDataCache: Writable
[2016.03.23-10.41.10:625][  0]LogInit: Selected Device Profile: [Windows]
[2016.03.23-10.41.10:627][  0]LogContentStreaming: Texture pool size is 0.000000MB
[2016.03.23-10.41.10:711][  0]LogMeshUtilities: No automatic mesh reduction module available
[2016.03.23-10.41.10:711][  0]LogMeshUtilities: No automatic mesh merging module available
[2016.03.23-10.41.10:882][  0]LogInit: WinSock: version 1.1 (2.2), MaxSocks=32767, MaxUdp=65467
[2016.03.23-10.41.11:535][  0]UdpMessaging: Initializing bridge on interface 0.0.0.0:0 to multicast group 230.0.0.1:6666.
[2016.03.23-10.41.11:628][  0]LogAssetRegistry: FAssetRegistry took 0.0105 seconds to start up
[2016.03.23-10.41.11:760][  0]SourceControl: Info Source control is disabled
[2016.03.23-10.41.11:867][  0]SourceControl: Info Source control is disabled
[2016.03.23-10.41.11:878][  0]SourceControl: Info Source control is disabled
[2016.03.23-10.41.11:889][  0]SourceControl: Info Source control is disabled
[2016.03.23-10.41.12:128][  0]LogObj: 29164 objects as part of root set at end of initial load.
[2016.03.23-10.41.12:128][  0]LogUObjectAllocator: 6195088 out of 0 bytes used by permanent object pool.
[2016.03.23-10.41.12:171][  0]LogEngine: Initializing Engine...
[2016.03.23-10.41.12:174][  0]LogHMD: Can't find Oculus library dev build: is proper Runtime installed? Version: 0.8.0.0
[2016.03.23-10.41.12:175][  0]LogHMD: SteamVR failed to initialize.  Err: 110
[2016.03.23-10.41.12:273][  0]LogAIModule: Creating AISystem for world NewWorld
[2016.03.23-10.41.12:327][  0]LogInit: XAudio2 using 'NS-32D312NA15-4 (3- NVIDIA High Definition Audio)' : 2 channels at 48 kHz using 16 bits per sample (channel mask 0x3)
[2016.03.23-10.41.12:364][  0]LogInit: FAudioDevice initialized.
[2016.03.23-10.41.12:381][  0]LogDerivedDataCache: Saved boot cache 0.02s 41MB C:/Users/mjham/AppData/Local/UnrealEngine/4.10/DerivedDataCache/Boot.ddc.
[2016.03.23-10.41.12:385][  0]LogInit: Texture streaming: Enabled
[2016.03.23-10.41.12:388][  0]LogAnalytics: Creating configured Analytics provider AnalyticsET
[2016.03.23-10.41.12:388][  0]LogAnalytics: [UEEditor.Rocket.Release] APIServer = http://et2.epicgames.com/ET2/. AppVersion = 4.10.4-2872498+++depot+UE4-Releases+4.10
[2016.03.23-10.41.12:389][  0]LogAnalytics: [UEEditor.Rocket.Release] SetUserId 34ef22ea42048a01047d2591f61f522f|591828904eb24b6cae592af9671c0e57|8abd4aff-5338-49cb-9d2a-d046ffd0cc37
[2016.03.23-10.41.12:389][  0]LogAnalytics: [UEEditor.Rocket.Release] AnalyticsET::StartSession
[2016.03.23-10.41.12:396][  0]LogInit: Transaction tracking system initialized
[2016.03.23-10.41.12:411][  0]BlueprintLog: New page: Editor Load
[2016.03.23-10.41.12:462][  0]LocalizationService: Info Localization service is disabled
[2016.03.23-10.41.12:521][  0]LogConsoleResponse:Display: 
[2016.03.23-10.41.12:613][  0]LogCook:Display: Done creating registry. It took  0.00s.
[2016.03.23-10.41.12:662][  0]LogFileCache: Scanning file cache for directory 'D:/Users/mjham/Documents/Unreal Projects/ULNExample/Content/' took 0.01s
[2016.03.23-10.41.12:662][  0]SourceControl: Info Source control is disabled
[2016.03.23-10.41.12:662][  0]Cmd: MAP LOAD FILE="../../../Engine/Content/Maps/Templates/Template_Default.umap" TEMPLATE=1 SHOWPROGRESS=1 FEATURELEVEL=3
[2016.03.23-10.41.12:663][  0]LightingResults: New page: Lighting Build
[2016.03.23-10.41.12:665][  0]MapCheck: New page: Map Check
[2016.03.23-10.41.12:665][  0]LightingResults: New page: Lighting Build
[2016.03.23-10.41.12:674][  0]LogParticles: Destroying 0 GPU particle simulations for FXSystem 0x000001A70CD9EAC0
[2016.03.23-10.41.12:834][  0]LogAIModule: Creating AISystem for world Untitled_1
[2016.03.23-10.41.12:840][  0]LogEditorServer: Finished looking for orphan Actors (0.000 secs)
[2016.03.23-10.41.12:844][  0]Cmd: MAP CHECKDEP NOCLEARLOG
[2016.03.23-10.41.12:908][  0]MapCheck: Info Map check complete: 0 Error(s), 0 Warning(s), took 63.923ms to complete.
[2016.03.23-10.41.12:908][  0]LogFileHelpers: Loading map 'Template_Default' took 0.245
[2016.03.23-10.41.13:015][  0]LogCollectionManager: Loaded 0 collections in 0.001109 seconds
[2016.03.23-10.41.13:058][  0]LogFileCache: Scanning file cache for directory 'D:/Users/mjham/Documents/Unreal Projects/ULNExample/Saved/Collections/' took 0.01s
[2016.03.23-10.41.13:058][  0]LogFileCache: Scanning file cache for directory 'D:/Users/mjham/Documents/Unreal Projects/ULNExample/Content/Developers/mjham/Collections/' took 0.01s
[2016.03.23-10.41.13:058][  0]LogFileCache: Scanning file cache for directory 'D:/Users/mjham/Documents/Unreal Projects/ULNExample/Content/Collections/' took 0.01s
[2016.03.23-10.41.13:058][  0]LogCollectionManager: Rebuilt the GUID cache for 0 collections in 0.000001 seconds
[2016.03.23-10.41.13:063][  0]LogContentBrowser: Native class hierarchy populated in 0.0054 seconds. Added 1924 classes and 343 folders.
[2016.03.23-10.41.13:067][  0]LogContentBrowser: Native class hierarchy updated for 'WidgetCarousel' in 0.0004 seconds. Added 0 classes and 0 folders.
[2016.03.23-10.41.13:116][  0]LogContentBrowser: Native class hierarchy updated for 'AddContentDialog' in 0.0004 seconds. Added 0 classes and 0 folders.
[2016.03.23-10.41.13:119][  0]LogContentBrowser: Native class hierarchy updated for 'SceneOutliner' in 0.0004 seconds. Added 1 classes and 2 folders.
[2016.03.23-10.41.13:151][  0]LogCrashTracker: Crashtracker disabled due to settings.
[2016.03.23-10.41.13:169][  0]LogDirectoryWatcher:Warning: Failed to begin reading directory changes for ../../../../../../Users/mjham/Documents/Unreal Projects/ULNExample/Plugins/. Error: 0
[2016.03.23-10.41.13:173][  0]LogUObjectGlobals:Warning: Failed to find object 'Class None.'
[2016.03.23-10.41.13:194][  0]LogLoad: Full Startup: 4.45 seconds (BP compile: 0.03 seconds)
[2016.03.23-10.41.13:206][  0]LogOcInput: Can't find Oculus library dev build: is proper Runtime installed? Version: 0.8.0.0
[2016.03.23-10.41.13:251][  0]LogContentStreaming: Texture pool size now 1000 MB
[2016.03.23-10.41.13:357][  0]LogRenderer: Reallocating scene render targets to support 1208x572 (Frame:2).
[2016.03.23-10.41.13:445][  2]LogAssetRegistry: Asset discovery search completed in 1.8275 seconds
[2016.03.23-10.41.13:445][  2]LogCollectionManager: Rebuilt the object cache for 0 collections in 0.000001 seconds (found 0 objects)
[2016.03.23-10.41.13:445][  2]LogCollectionManager: Fixed up redirectors for 0 collections in 0.000013 seconds (updated 0 objects)
[2016.03.23-10.42.21:722][559]LogLinker:Warning: Asset '../../../Engine/Content/ArtTools/RenderToTexture/Macros/RenderToTextureMacros.uasset' has been saved with empty engine version. The asset will be loaded but may be incompatible.
[2016.03.23-10.42.22:213][559]LogContentBrowser: Native class hierarchy updated for 'BlueprintGraph' in 0.0008 seconds. Added 107 classes and 0 folders.
[2016.03.23-10.42.27:911][ 17]BlueprintLog: New page: Compile PerlinUI
[2016.03.23-10.42.28:048][ 17]BlueprintEditorCompileResults: Info [0079.30] Compile of PerlinUI successful! [in 135 ms]
[2016.03.23-10.42.33:063][546]LogAIModule: Creating AISystem for world PerlinLevel
[2016.03.23-10.42.33:093][546]LogParticles: Destroying 0 GPU particle simulations for FXSystem 0x000001A7098DF9C0
[2016.03.23-10.42.33:094][546]LogParticles: Destroying 0 GPU particle simulations for FXSystem 0x000001A7098DF060
[2016.03.23-10.42.33:098][546]Cmd: MAP LOAD FILE="../../../../../../Users/mjham/Documents/Unreal Projects/ULNExample/Content/Examples/Perlin/PerlinLevel.umap" TEMPLATE=0 SHOWPROGRESS=1 FEATURELEVEL=3
[2016.03.23-10.42.33:099][546]LightingResults: New page: Lighting Build
[2016.03.23-10.42.33:112][546]LoadErrors: New page: Loading map: PerlinLevel.umap
[2016.03.23-10.42.33:112][546]MapCheck: New page: Map Check
[2016.03.23-10.42.33:112][546]LightingResults: New page: Lighting Build
[2016.03.23-10.42.33:129][546]LogParticles: Destroying 0 GPU particle simulations for FXSystem 0x000001A77D5EB600
[2016.03.23-10.42.33:168][546]LogEditorServer: Finished looking for orphan Actors (0.000 secs)
[2016.03.23-10.42.33:193][546]Cmd: MAP CHECKDEP NOCLEARLOG
[2016.03.23-10.42.33:264][546]MapCheck: Info Map check complete: 0 Error(s), 0 Warning(s), took 71.322ms to complete.
[2016.03.23-10.42.33:264][546]LogFileHelpers: Loading map 'PerlinLevel' took 0.167
[2016.03.23-10.42.34:711][714]LogPlayLevel: PlayLevel: No blueprints needed recompiling
[2016.03.23-10.42.34:743][714]PIE: New page: PIE session: PerlinLevel (Mar 23, 2016, 2:42:34 AM)
[2016.03.23-10.42.34:743][714]LogPlayLevel: Creating play world package: /Game/Examples/Perlin/UEDPIE_0_PerlinLevel
[2016.03.23-10.42.34:752][714]LogPlayLevel: PIE: StaticDuplicateObject took: (0.009417s)
[2016.03.23-10.42.34:753][714]LogAIModule: Creating AISystem for world PerlinLevel
[2016.03.23-10.42.34:753][714]LogPlayLevel: PIE: World Init took: (0.000460s)
[2016.03.23-10.42.34:753][714]LogPlayLevel: PIE: Created PIE world by copying editor world from /Game/Examples/Perlin/PerlinLevel.PerlinLevel to /Game/Examples/Perlin/UEDPIE_0_PerlinLevel.PerlinLevel (0.010183s)
[2016.03.23-10.42.34:821][714]LogInit: XAudio2 using 'NS-32D312NA15-4 (3- NVIDIA High Definition Audio)' : 2 channels at 48 kHz using 16 bits per sample (channel mask 0x3)
[2016.03.23-10.42.34:833][714]LogInit: FAudioDevice initialized.
[2016.03.23-10.42.34:923][714]LogWorld: Game class is 'PerlinGameMode_C'
[2016.03.23-10.42.34:925][714]LogWorld: Bringing World /Game/Examples/Perlin/UEDPIE_0_PerlinLevel.PerlinLevel up for play (max tick rate 0) at 2016.03.23-06.42.34
[2016.03.23-10.42.34:925][714]LogActor:Warning: GameSession /Game/Examples/Perlin/UEDPIE_0_PerlinLevel.PerlinLevel:PersistentLevel.GameSession_0 has natively added scene component(s), but none of them were set as the actor's RootComponent - picking one arbitrarily
[2016.03.23-10.42.34:936][714]LogActor:Warning: GameNetworkManager /Game/Examples/Perlin/UEDPIE_0_PerlinLevel.PerlinLevel:PersistentLevel.GameNetworkManager_0 has natively added scene component(s), but none of them were set as the actor's RootComponent - picking one arbitrarily
[2016.03.23-10.42.34:937][714]LogWorld: Bringing up level for play took: 0.012123
[2016.03.23-10.42.36:492][714]PIE: Info Play in editor start time for /Game/Examples/Perlin/UEDPIE_0_PerlinLevel 2.429
[2016.03.23-10.43.12:551][378]LogWindowsTextInputMethodSystem:Display: IME system now deactivated.
[2016.03.23-10.43.13:231][378]LogParticles: Destroying 0 GPU particle simulations for FXSystem 0x000001A71A083420
[2016.03.23-10.43.13:364][379]Cmd: QUIT_EDITOR
[2016.03.23-10.43.13:779][379]LogExit: Preparing to exit.
[2016.03.23-10.43.14:655][379]LogExit: Editor shut down
[2016.03.23-10.43.14:655][379]LogExit: Transaction tracking system shut down
[2016.03.23-10.43.14:656][379]LogParticles: Destroying 0 GPU particle simulations for FXSystem 0x000001A71885F880
[2016.03.23-10.43.14:656][379]LogParticles: Destroying 0 GPU particle simulations for FXSystem 0x000001A71A080F40
[2016.03.23-10.43.14:657][379]LogParticles: Destroying 0 GPU particle simulations for FXSystem 0x000001A77F251580
[2016.03.23-10.43.14:796][379]LogExit: Object subsystem successfully closed.
[2016.03.23-10.43.14:812][379]LogD3D11RHI: Shutdown
[2016.03.23-10.43.14:812][379]LogD3D11RHI: CleanupD3DDevice
[2016.03.23-10.43.14:848][379]LogD3D11RHI: ~FD3D11DynamicRHI
[2016.03.23-10.43.14:867][379]LogModuleManager: Shutting down and abandoning module SequencerWidgets (201)
[2016.03.23-10.43.14:867][379]LogModuleManager: Shutting down and abandoning module BlueprintGraph (200)
[2016.03.23-10.43.14:867][379]LogModuleManager: Shutting down and abandoning module CrashTracker (199)
[2016.03.23-10.43.14:867][379]LogModuleManager: Shutting down and abandoning module SceneOutliner (198)
[2016.03.23-10.43.14:867][379]LogModuleManager: Shutting down and abandoning module SuperSearch (197)
[2016.03.23-10.43.14:867][379]LogModuleManager: Shutting down and abandoning module WidgetCarousel (196)
[2016.03.23-10.43.14:867][379]LogModuleManager: Shutting down and abandoning module AddContentDialog (195)
[2016.03.23-10.43.14:868][379]LogModuleManager: Shutting down and abandoning module EditorWidgets (194)
[2016.03.23-10.43.14:868][379]LogModuleManager: Shutting down and abandoning module CollectionManager (193)
[2016.03.23-10.43.14:868][379]LogModuleManager: Shutting down and abandoning module StatsViewer (192)
[2016.03.23-10.43.14:868][379]LogModuleManager: Shutting down and abandoning module FoliageEdit (191)
[2016.03.23-10.43.14:868][379]LogModuleManager: Shutting down and abandoning module LandscapeEditor (190)
[2016.03.23-10.43.14:868][379]LogModuleManager: Shutting down and abandoning module ActorPickerMode (189)
[2016.03.23-10.43.14:868][379]LogModuleManager: Shutting down and abandoning module GeometryMode (188)
[2016.03.23-10.43.14:868][379]LogModuleManager: Shutting down and abandoning module TextureAlignMode (187)
[2016.03.23-10.43.14:868][379]LogModuleManager: Shutting down and abandoning module BspMode (186)
[2016.03.23-10.43.14:868][379]LogModuleManager: Shutting down and abandoning module PlacementMode (185)
[2016.03.23-10.43.14:868][379]LogModuleManager: Shutting down and abandoning module AutomationWorker (184)
[2016.03.23-10.43.14:868][379]LogModuleManager: Shutting down and abandoning module CharacterAI (183)
[2016.03.23-10.43.14:868][379]LogModuleManager: Shutting down and abandoning module SmartSnapping (182)
[2016.03.23-10.43.14:868][379]LogModuleManager: Shutting down and abandoning module ViewportSnapping (181)
[2016.03.23-10.43.14:868][379]LogModuleManager: Shutting down and abandoning module LogVisualizer (180)
[2016.03.23-10.43.14:868][379]LogModuleManager: Shutting down and abandoning module GameProjectGeneration (179)
[2016.03.23-10.43.14:868][379]LogModuleManager: Shutting down and abandoning module IntroTutorials (178)
[2016.03.23-10.43.14:868][379]LogModuleManager: Shutting down and abandoning module EditorLiveStreaming (177)
[2016.03.23-10.43.14:868][379]LogModuleManager: Shutting down and abandoning module IOSPlatformEditor (176)
[2016.03.23-10.43.14:868][379]LogModuleManager: Shutting down and abandoning module HTML5PlatformEditor (175)
[2016.03.23-10.43.14:868][379]LogModuleManager: Shutting down and abandoning module AndroidDeviceDetection (174)
[2016.03.23-10.43.15:533][379]LogModuleManager: Shutting down and abandoning module AndroidPlatformEditor (173)
[2016.03.23-10.43.15:533][379]LogModuleManager: Shutting down and abandoning module IOSRuntimeSettings (172)
[2016.03.23-10.43.15:533][379]LogModuleManager: Shutting down and abandoning module AndroidRuntimeSettings (171)
[2016.03.23-10.43.15:533][379]LogModuleManager: Shutting down and abandoning module MergeActors (170)
[2016.03.23-10.43.15:533][379]LogModuleManager: Shutting down and abandoning module SizeMap (169)
[2016.03.23-10.43.15:533][379]LogModuleManager: Shutting down and abandoning module TreeMap (168)
[2016.03.23-10.43.15:533][379]LogModuleManager: Shutting down and abandoning module ReferenceViewer (167)
[2016.03.23-10.43.15:533][379]LogModuleManager: Shutting down and abandoning module LocalizationService (166)
[2016.03.23-10.43.15:533][379]LogModuleManager: Shutting down and abandoning module LocalizationDashboard (165)
[2016.03.23-10.43.15:533][379]LogModuleManager: Shutting down and abandoning module HardwareTargeting (164)
[2016.03.23-10.43.15:533][379]LogModuleManager: Shutting down and abandoning module DeviceProfileEditor (163)
[2016.03.23-10.43.15:533][379]LogModuleManager: Shutting down and abandoning module UndoHistory (162)
[2016.03.23-10.43.15:533][379]LogModuleManager: Shutting down and abandoning module GameplayTagsEditor (161)
[2016.03.23-10.43.15:533][379]LogModuleManager: Shutting down and abandoning module UserFeedback (160)
[2016.03.23-10.43.15:533][379]LogModuleManager: Shutting down and abandoning module XmlParser (159)
[2016.03.23-10.43.15:533][379]LogModuleManager: Shutting down and abandoning module Blutility (158)
[2016.03.23-10.43.15:533][379]LogModuleManager: Shutting down and abandoning module ProjectTargetPlatformEditor (157)
[2016.03.23-10.43.15:533][379]LogModuleManager: Shutting down and abandoning module ProjectSettingsViewer (156)
[2016.03.23-10.43.15:533][379]LogModuleManager: Shutting down and abandoning module InputBindingEditor (155)
[2016.03.23-10.43.15:533][379]LogModuleManager: Shutting down and abandoning module EditorSettingsViewer (154)
[2016.03.23-10.43.15:533][379]LogModuleManager: Shutting down and abandoning module SettingsEditor (153)
[2016.03.23-10.43.15:533][379]LogModuleManager: Shutting down and abandoning module ProjectLauncher (152)
[2016.03.23-10.43.15:533][379]LogModuleManager: Shutting down and abandoning module SessionFrontend (151)
[2016.03.23-10.43.15:533][379]LogModuleManager: Shutting down and abandoning module ProfilerClient (150)
[2016.03.23-10.43.15:533][379]LogModuleManager: Shutting down and abandoning module TargetDeviceServices (149)
[2016.03.23-10.43.15:533][379]LogModuleManager: Shutting down and abandoning module DeviceManager (148)
[2016.03.23-10.43.15:533][379]LogModuleManager: Shutting down and abandoning module AutomationController (147)
[2016.03.23-10.43.15:533][379]LogModuleManager: Shutting down and abandoning module AutomationWindow (146)
[2016.03.23-10.43.15:533][379]LogModuleManager: Shutting down and abandoning module Layers (145)
[2016.03.23-10.43.15:533][379]LogModuleManager: Shutting down and abandoning module ComponentVisualizers (144)
[2016.03.23-10.43.15:533][379]LogModuleManager: Shutting down and abandoning module DetailCustomizations (143)
[2016.03.23-10.43.15:533][379]LogModuleManager: Shutting down and abandoning module PackagesDialog (142)
[2016.03.23-10.43.15:534][379]LogModuleManager: Shutting down and abandoning module Persona (141)
[2016.03.23-10.43.15:534][379]LogModuleManager: Shutting down and abandoning module Kismet (140)
[2016.03.23-10.43.15:534][379]LogModuleManager: Shutting down and abandoning module GraphEditor (139)
[2016.03.23-10.43.15:534][379]LogModuleManager: Shutting down and abandoning module ClassViewer (138)
[2016.03.23-10.43.15:534][379]LogModuleManager: Shutting down and abandoning module Toolbox (137)
[2016.03.23-10.43.15:534][379]LogModuleManager: Shutting down and abandoning module ModuleUI (136)
[2016.03.23-10.43.15:534][379]LogModuleManager: Shutting down and abandoning module MovieSceneTools (135)
[2016.03.23-10.43.15:534][379]LogModuleManager: Shutting down and abandoning module OutputLog (134)
[2016.03.23-10.43.15:534][379]LogModuleManager: Shutting down and abandoning module GammaUI (133)
[2016.03.23-10.43.15:534][379]LogModuleManager: Shutting down and abandoning module Documentation (132)
[2016.03.23-10.43.15:534][379]LogModuleManager: Shutting down and abandoning module GameLiveStreaming (131)
[2016.03.23-10.43.15:534][379]LogModuleManager: Shutting down and abandoning module StreamingPauseRendering (130)
[2016.03.23-10.43.15:534][379]LogModuleManager: Shutting down and abandoning module AnalyticsET (129)
[2016.03.23-10.43.15:534][379]LogModuleManager: Shutting down and abandoning module Analytics (128)
[2016.03.23-10.43.15:534][379]LogModuleManager: Shutting down and abandoning module AITestSuite (127)
[2016.03.23-10.43.15:534][379]LogModuleManager: Shutting down and abandoning module GameplayDebugger (126)
[2016.03.23-10.43.15:534][379]LogModuleManager: Shutting down and abandoning module AIModule (125)
[2016.03.23-10.43.15:534][379]LogModuleManager: Shutting down and abandoning module ProfilerService (124)
[2016.03.23-10.43.15:764][379]LogModuleManager: Shutting down and abandoning module TaskGraph (123)
[2016.03.23-10.43.15:764][379]LogModuleManager: Shutting down and abandoning module UnrealLibNoise (122)
[2016.03.23-10.43.15:764][379]LogModuleManager: Shutting down and abandoning module SlateRemote (121)
[2016.03.23-10.43.15:764][379]LogModuleManager: Shutting down and abandoning module SteamVRController (120)
[2016.03.23-10.43.15:764][379]LogModuleManager: Shutting down and abandoning module SteamVR (119)
[2016.03.23-10.43.15:764][379]LogModuleManager: Shutting down and abandoning module ProceduralMeshComponent (118)
[2016.03.23-10.43.15:764][379]LogModuleManager: Shutting down and abandoning module OculusLibrary (117)
[2016.03.23-10.43.15:764][379]LogModuleManager: Shutting down and abandoning module OculusInput (116)
[2016.03.23-10.43.15:764][379]LogModuleManager: Shutting down and abandoning module LeapMotionController (115)
[2016.03.23-10.43.15:774][379]LogModuleManager: Shutting down and abandoning module CustomMeshComponent (114)
[2016.03.23-10.43.15:775][379]LogModuleManager: Shutting down and abandoning module CableComponent (113)
[2016.03.23-10.43.15:775][379]LogModuleManager: Shutting down and abandoning module ArchVisCharacter (112)
[2016.03.23-10.43.15:775][379]LogModuleManager: Shutting down and abandoning module MessagingDebugger (111)
[2016.03.23-10.43.15:775][379]LogModuleManager: Shutting down and abandoning module MediaPlayerEditor (110)
[2016.03.23-10.43.15:775][379]LogModuleManager: Shutting down and abandoning module HTML5Networking (109)
[2016.03.23-10.43.15:775][379]LogModuleManager: Shutting down and abandoning module SpeedTreeImporter (108)
[2016.03.23-10.43.15:775][379]LogModuleManager: Shutting down and abandoning module PluginBrowser (107)
[2016.03.23-10.43.15:775][379]LogModuleManager: Shutting down and abandoning module EpicSurvey (106)
[2016.03.23-10.43.15:775][379]LogModuleManager: Shutting down and abandoning module DesktopPlatform (105)
[2016.03.23-10.43.15:775][379]LogModuleManager: Shutting down and abandoning module VisualStudioSourceCodeAccess (104)
[2016.03.23-10.43.15:775][379]LogModuleManager: Shutting down and abandoning module UObjectPlugin (103)
[2016.03.23-10.43.15:775][379]LogModuleManager: Shutting down and abandoning module SubversionSourceControl (102)
[2016.03.23-10.43.15:775][379]LogModuleManager: Shutting down and abandoning module PerforceSourceControl (101)
[2016.03.23-10.43.15:775][379]LogModuleManager: Shutting down and abandoning module SourceControl (100)
[2016.03.23-10.43.15:775][379]LogModuleManager: Shutting down and abandoning module GitSourceControl (99)
[2016.03.23-10.43.15:775][379]LogModuleManager: Shutting down and abandoning module LightPropagationVolumeEditor (98)
[2016.03.23-10.43.15:775][379]LogModuleManager: Shutting down and abandoning module PaperTiledImporter (97)
[2016.03.23-10.43.15:775][379]LogModuleManager: Shutting down and abandoning module PaperSpriteSheetImporter (96)
[2016.03.23-10.43.15:775][379]LogModuleManager: Shutting down and abandoning module MeshPaint (95)
[2016.03.23-10.43.15:775][379]LogModuleManager: Shutting down and abandoning module SlateReflector (94)
[2016.03.23-10.43.15:775][379]LogModuleManager: Shutting down and abandoning module HotReload (93)
[2016.03.23-10.43.15:775][379]LogModuleManager: Shutting down and abandoning module MainFrame (92)
[2016.03.23-10.43.15:775][379]LogModuleManager: Shutting down and abandoning module LevelEditor (91)
[2016.03.23-10.43.15:775][379]LogModuleManager: Shutting down and abandoning module DirectoryWatcher (90)
[2016.03.23-10.43.15:776][379]LogModuleManager: Shutting down and abandoning module AssetRegistry (89)
[2016.03.23-10.43.15:864][379]LogModuleManager: Shutting down and abandoning module ContentBrowser (88)
[2016.03.23-10.43.15:864][379]LogModuleManager: Shutting down and abandoning module Paper2DEditor (87)
[2016.03.23-10.43.15:864][379]LogModuleManager: Shutting down and abandoning module UdpMessaging (86)
[2016.03.23-10.43.15:966][379]LogModuleManager: Shutting down and abandoning module LightPropagationVolumeRuntime (85)
[2016.03.23-10.43.15:966][379]LogModuleManager: Shutting down and abandoning module Paper2D (84)
[2016.03.23-10.43.15:966][379]LogModuleManager: Shutting down and abandoning module WindowsMoviePlayer (83)
[2016.03.23-10.43.15:967][379]LogModuleManager: Shutting down and abandoning module Media (82)
[2016.03.23-10.43.15:968][379]LogModuleManager: Shutting down and abandoning module WmfMedia (81)
[2016.03.23-10.43.15:968][379]LogModuleManager: Shutting down and abandoning module OnlineBlueprintSupport (80)
[2016.03.23-10.43.15:968][379]LogModuleManager: Shutting down and abandoning module GameplayTasksEditor (79)
[2016.03.23-10.43.15:968][379]LogModuleManager: Shutting down and abandoning module PropertyEditor (78)
[2016.03.23-10.43.15:974][379]LogModuleManager: Shutting down and abandoning module BehaviorTreeEditor (77)
[2016.03.23-10.43.15:974][379]LogModuleManager: Shutting down and abandoning module FunctionalTesting (76)
[2016.03.23-10.43.15:975][379]LogModuleManager: Shutting down and abandoning module CollisionAnalyzer (75)
[2016.03.23-10.43.15:975][379]LogModuleManager: Shutting down and abandoning module WorkspaceMenuStructure (74)
[2016.03.23-10.43.15:975][379]LogModuleManager: Shutting down and abandoning module MessageLog (73)
[2016.03.23-10.43.15:975][379]LogModuleManager: Shutting down and abandoning module Sequencer (72)
[2016.03.23-10.43.15:975][379]LogModuleManager: Shutting down and abandoning module AssetTools (71)
[2016.03.23-10.43.15:975][379]LogModuleManager: Shutting down and abandoning module UMGEditor (70)
[2016.03.23-10.43.15:975][379]LogModuleManager: Shutting down and abandoning module UMG (69)
[2016.03.23-10.43.15:975][379]LogModuleManager: Shutting down and abandoning module Slate (68)
[2016.03.23-10.43.15:975][379]LogModuleManager: Shutting down and abandoning module EditorStyle (67)
[2016.03.23-10.43.15:976][379]LogModuleManager: Shutting down and abandoning module SessionServices (66)
[2016.03.23-10.43.15:976][379]LogModuleManager: Shutting down and abandoning module SourceCodeAccess (65)
[2016.03.23-10.43.15:976][379]LogModuleManager: Shutting down and abandoning module HeadMountedDisplay (64)
[2016.03.23-10.43.15:976][379]LogModuleManager: Shutting down and abandoning module XAudio2 (63)
[2016.03.23-10.43.15:976][379]LogModuleManager: Shutting down and abandoning module Networking (61)
[2016.03.23-10.43.15:976][379]LogModuleManager: Shutting down and abandoning module Core (60)
[2016.03.23-10.43.15:976][379]LogModuleManager: Shutting down and abandoning module KismetCompiler (59)
[2016.03.23-10.43.15:976][379]LogModuleManager: Shutting down and abandoning module PhysXFormats (58)
[2016.03.23-10.43.15:976][379]LogModuleManager: Shutting down and abandoning module MeshUtilities (57)
[2016.03.23-10.43.15:976][379]LogModuleManager: Shutting down and abandoning module DerivedDataCache (56)
[2016.03.23-10.43.16:070][379]LogDerivedDataCache: Shutdown
[2016.03.23-10.43.16:070][379]LogModuleManager: Shutting down and abandoning module ShaderFormatOpenGL (55)
[2016.03.23-10.43.16:070][379]LogModuleManager: Shutting down and abandoning module ShaderFormatD3D (54)
[2016.03.23-10.43.16:070][379]LogModuleManager: Shutting down and abandoning module MetalShaderFormat (53)
[2016.03.23-10.43.16:070][379]LogModuleManager: Shutting down and abandoning module TextureFormatUncompressed (52)
[2016.03.23-10.43.16:070][379]LogModuleManager: Shutting down and abandoning module TextureFormatPVR (51)
[2016.03.23-10.43.16:070][379]LogModuleManager: Shutting down and abandoning module TextureFormatIntelISPCTexComp (50)
[2016.03.23-10.43.16:070][379]LogModuleManager: Shutting down and abandoning module TextureFormatDXT (49)
[2016.03.23-10.43.16:070][379]LogModuleManager: Shutting down and abandoning module ImageWrapper (48)
[2016.03.23-10.43.16:070][379]LogModuleManager: Shutting down and abandoning module TextureFormatASTC (47)
[2016.03.23-10.43.16:070][379]LogModuleManager: Shutting down and abandoning module TextureFormatAndroid (46)
[2016.03.23-10.43.16:070][379]LogModuleManager: Shutting down and abandoning module AudioFormatOpus (45)
[2016.03.23-10.43.16:070][379]LogModuleManager: Shutting down and abandoning module AudioFormatOgg (44)
[2016.03.23-10.43.16:070][379]LogModuleManager: Shutting down and abandoning module AudioFormatADPCM (43)
[2016.03.23-10.43.16:070][379]LogModuleManager: Shutting down and abandoning module LinuxTargetPlatform (42)
[2016.03.23-10.43.16:070][379]LogModuleManager: Shutting down and abandoning module LinuxServerTargetPlatform (41)
[2016.03.23-10.43.16:070][379]LogModuleManager: Shutting down and abandoning module LinuxNoEditorTargetPlatform (40)
[2016.03.23-10.43.16:070][379]LogModuleManager: Shutting down and abandoning module Messaging (39)
[2016.03.23-10.43.16:070][379]LogModuleManager: Shutting down and abandoning module IOSTargetPlatform (38)
[2016.03.23-10.43.16:070][379]LogModuleManager: Shutting down and abandoning module HTML5TargetPlatform (37)
[2016.03.23-10.43.16:070][379]LogModuleManager: Shutting down and abandoning module Android_PVRTCTargetPlatform (36)
[2016.03.23-10.43.16:070][379]LogModuleManager: Shutting down and abandoning module Android_MultiTargetPlatform (35)
[2016.03.23-10.43.16:070][379]LogModuleManager: Shutting down and abandoning module Android_ETC2TargetPlatform (34)
[2016.03.23-10.43.16:070][379]LogModuleManager: Shutting down and abandoning module Android_ETC1TargetPlatform (33)
[2016.03.23-10.43.16:070][379]LogModuleManager: Shutting down and abandoning module Android_DXTTargetPlatform (32)
[2016.03.23-10.43.16:070][379]LogModuleManager: Shutting down and abandoning module Android_ATCTargetPlatform (31)
[2016.03.23-10.43.16:070][379]LogModuleManager: Shutting down and abandoning module Android_ASTCTargetPlatform (30)
[2016.03.23-10.43.16:070][379]LogModuleManager: Shutting down and abandoning module AndroidTargetPlatform (29)
[2016.03.23-10.43.16:070][379]LogModuleManager: Shutting down and abandoning module WindowsTargetPlatform (28)
[2016.03.23-10.43.16:070][379]LogModuleManager: Shutting down and abandoning module WindowsServerTargetPlatform (27)
[2016.03.23-10.43.16:070][379]LogModuleManager: Shutting down and abandoning module WindowsNoEditorTargetPlatform (26)
[2016.03.23-10.43.16:070][379]LogModuleManager: Shutting down and abandoning module WindowsClientTargetPlatform (25)
[2016.03.23-10.43.16:070][379]LogModuleManager: Shutting down and abandoning module AllDesktopTargetPlatform (24)
[2016.03.23-10.43.16:070][379]LogModuleManager: Shutting down and abandoning module TargetPlatform (23)
[2016.03.23-10.43.16:070][379]LogModuleManager: Shutting down and abandoning module InputCore (22)
[2016.03.23-10.43.16:070][379]LogModuleManager: Shutting down and abandoning module Settings (21)
[2016.03.23-10.43.16:070][379]LogModuleManager: Shutting down and abandoning module OnlineSubsystem (19)
[2016.03.23-10.43.16:070][379]LogModuleManager: Shutting down and abandoning module HTTP (18)
[2016.03.23-10.43.17:574][379]LogModuleManager: Shutting down and abandoning module XMPP (17)
[2016.03.23-10.43.17:574][379]LogModuleManager: Shutting down and abandoning module OculusRift (16)
[2016.03.23-10.43.17:574][379]LogModuleManager: Shutting down and abandoning module ExampleDeviceProfileSelector (15)
[2016.03.23-10.43.17:574][379]LogModuleManager: Shutting down and abandoning module TextureCompressor (14)
[2016.03.23-10.43.17:574][379]LogModuleManager: Shutting down and abandoning module ShaderCore (13)
[2016.03.23-10.43.17:574][379]LogModuleManager: Shutting down and abandoning module Landscape (12)
[2016.03.23-10.43.17:574][379]LogModuleManager: Shutting down and abandoning module SlateRHIRenderer (11)
[2016.03.23-10.43.17:575][379]LogModuleManager: Shutting down and abandoning module OpenGLDrv (10)
[2016.03.23-10.43.17:575][379]LogModuleManager: Shutting down and abandoning module D3D11RHI (9)
[2016.03.23-10.43.17:575][379]LogModuleManager: Shutting down and abandoning module AnimGraphRuntime (8)
[2016.03.23-10.43.17:575][379]LogModuleManager: Shutting down and abandoning module Renderer (7)
[2016.03.23-10.43.17:575][379]LogModuleManager: Shutting down and abandoning module Engine (6)
[2016.03.23-10.43.17:575][379]LogModuleManager: Shutting down and abandoning module CoreUObject (5)
[2016.03.23-10.43.17:575][379]LogModuleManager: Shutting down and abandoning module NetworkFile (4)
[2016.03.23-10.43.17:575][379]LogModuleManager: Shutting down and abandoning module StreamingFile (3)
[2016.03.23-10.43.17:575][379]LogModuleManager: Shutting down and abandoning module SandboxFile (2)
[2016.03.23-10.43.17:575][379]LogModuleManager: Shutting down and abandoning module PakFile (1)
[2016.03.23-10.43.17:576][379]LogExit: Exiting.
[2016.03.23-10.43.17:585][379]Log file closed, 03/23/16 06:43:17
