[2016.03.24-18.54.32:421][  0]Log file open, 03/24/16 14:54:32
[2016.03.24-18.54.32:421][  0]LogInit:Display: Running engine for game: ULNExample
[2016.03.24-18.54.32:421][  0]LogPlatformFile: Not using cached read wrapper
[2016.03.24-18.54.32:421][  0]LogInit:Display: RandInit(-1014771371) SRandInit(-1014771370).
[2016.03.24-18.54.32:421][  0]LogTaskGraph: Started task graph with 4 named threads and 7 total threads.
[2016.03.24-18.54.32:421][  0]LogStats: Stats thread started at 0.083625
[2016.03.24-18.54.32:421][  0]LogInit: Version: 4.10.4-2872498+++depot+UE4-Releases+4.10
[2016.03.24-18.54.32:421][  0]LogInit: API Version: 2758231
[2016.03.24-18.54.32:421][  0]LogInit: Compiled (64-bit): Feb 18 2016 15:47:04
[2016.03.24-18.54.32:421][  0]LogInit: Compiled with Visual C++: 19.00.23026.00
[2016.03.24-18.54.32:421][  0]LogInit: Build Configuration: Development
[2016.03.24-18.54.32:421][  0]LogInit: Branch Name: ++depot+UE4-Releases+4.10
[2016.03.24-18.54.32:421][  0]LogInit: Command line:  
[2016.03.24-18.54.32:421][  0]LogInit: Base directory: D:/Program Files (x86)/Epic Games/4.10/Engine/Binaries/Win64/
[2016.03.24-18.54.32:421][  0]LogInit: Rocket: 1
[2016.03.24-18.54.32:427][  0]LogInit: Using libcurl 7.41.0
[2016.03.24-18.54.32:427][  0]LogInit:  - built for x86_64-pc-win32
[2016.03.24-18.54.32:427][  0]LogInit:  - supports SSL with WinSSL
[2016.03.24-18.54.32:427][  0]LogInit:  - other features:
[2016.03.24-18.54.32:427][  0]LogInit:      CURL_VERSION_SSL
[2016.03.24-18.54.32:427][  0]LogInit:      CURL_VERSION_IPV6
[2016.03.24-18.54.32:427][  0]LogInit:      CURL_VERSION_ASYNCHDNS
[2016.03.24-18.54.32:427][  0]LogInit:      CURL_VERSION_LARGEFILE
[2016.03.24-18.54.32:427][  0]LogInit:      CURL_VERSION_IDN
[2016.03.24-18.54.32:427][  0]LogInit:  CurlRequestOptions (configurable via config and command line):
[2016.03.24-18.54.32:427][  0]LogInit:  - bVerifyPeer = true  - Libcurl will verify peer certificate
[2016.03.24-18.54.32:427][  0]LogInit:  - bUseHttpProxy = false  - Libcurl will NOT use HTTP proxy
[2016.03.24-18.54.32:427][  0]LogInit:  - bDontReuseConnections = false  - Libcurl will reuse connections
[2016.03.24-18.54.32:427][  0]LogInit:  - CertBundlePath = nullptr  - Libcurl will use whatever was configured at build time.
[2016.03.24-18.54.32:432][  0]LogInit: Presizing for 0 objects not considered by GC, pre-allocating 0 bytes.
[2016.03.24-18.54.32:436][  0]LogInit: Object subsystem initialized
[2016.03.24-18.54.32:437][  0]LogInit: Selected Device Profile: [Windows]
[2016.03.24-18.54.32:437][  0]LogInit: Applying CVar settings loaded from the selected device profile: [Windows]
[2016.03.24-18.54.32:445][  0]LogInit: Computer: DESKTOP-3ABQRE3
[2016.03.24-18.54.32:445][  0]LogInit: User: mjham
[2016.03.24-18.54.32:445][  0]LogInit: CPU Page size=4096, Cores=4
[2016.03.24-18.54.32:445][  0]LogInit: High frequency timer resolution =3.416981 MHz
[2016.03.24-18.54.32:445][  0]LogMemory: Memory total: Physical=15.9GB (16GB approx)
[2016.03.24-18.54.32:445][  0]LogMemory: Platform Memory Stats for Windows
[2016.03.24-18.54.32:445][  0]LogMemory: Process Physical Memory: 57.62 MB used, 57.62 MB peak
[2016.03.24-18.54.32:445][  0]LogMemory: Process Virtual Memory: 58.66 MB used, 58.66 MB peak
[2016.03.24-18.54.32:445][  0]LogMemory: Physical Memory: 3005.54 MB used, 16269.04 MB total
[2016.03.24-18.54.32:445][  0]LogMemory: Virtual Memory: 384.43 MB used, 134217728.00 MB total
[2016.03.24-18.54.32:485][  0]LogTextLocalizationManager: No specific translations for ('en-US') exist, so ('en') translations will be used.
[2016.03.24-18.54.32:846][  0]LogD3D11RHI: Found D3D11 adapter 0: NVIDIA GeForce GTX 970 (Feature Level 11_0)
[2016.03.24-18.54.32:846][  0]LogD3D11RHI: Adapter has 4007MB of dedicated video memory, 0MB of dedicated system memory, and 8134MB of shared system memory, 1 output[s]
[2016.03.24-18.54.32:854][  0]LogD3D11RHI: Found D3D11 adapter 1: Intel(R) HD Graphics 4600 (Feature Level 11_0)
[2016.03.24-18.54.32:854][  0]LogD3D11RHI: Adapter has 112MB of dedicated video memory, 0MB of dedicated system memory, and 8134MB of shared system memory, 0 output[s]
[2016.03.24-18.54.32:883][  0]LogD3D11RHI: Found D3D11 adapter 2: NVIDIA GeForce GTX 970 (Feature Level 11_0)
[2016.03.24-18.54.32:883][  0]LogD3D11RHI: Adapter has 4007MB of dedicated video memory, 0MB of dedicated system memory, and 8134MB of shared system memory, 0 output[s]
[2016.03.24-18.54.32:884][  0]LogD3D11RHI: Found D3D11 adapter 3: Microsoft Basic Render Driver (Feature Level 11_0)
[2016.03.24-18.54.32:884][  0]LogD3D11RHI: Adapter has 0MB of dedicated video memory, 0MB of dedicated system memory, and 8134MB of shared system memory, 0 output[s]
[2016.03.24-18.54.32:884][  0]LogD3D11RHI: Chosen D3D11 Adapter Id = 0
[2016.03.24-18.54.32:887][  0]LogD3D11RHI: !Direct3DDevice
[2016.03.24-18.54.32:887][  0]LogRHI: Texture pool is 1361 MB (70% of 1945 MB)
[2016.03.24-18.54.32:901][  0]LogD3D11RHI: Async texture creation enabled
[2016.03.24-18.54.32:916][  0]LogShaderCompilers: Guid format shader working directory is -26 characters bigger than the processId version (../../../../../../Users/mjham/Documents/GitHub/UnrealLibNoise/ULNExample/Intermediate/Shaders/WorkingDirectory/4276/).
[2016.03.24-18.54.32:916][  0]LogShaderCompilers: Cleaned the shader compiler working directory 'C:/Users/mjham/AppData/Local/Temp/UnrealShaderWorkingDir/EC812CF34055153EC73661ADCC336BF8/'.
[2016.03.24-18.54.32:916][  0]LogShaderCompilers:Display: Using Local Shader Compiler.
[2016.03.24-18.54.33:599][  0]LogTemp:Display: Loaded TP AllDesktopTargetPlatform
[2016.03.24-18.54.33:601][  0]LogTemp:Display: Loaded TP WindowsClientTargetPlatform
[2016.03.24-18.54.33:604][  0]LogTemp:Display: Loaded TP WindowsNoEditorTargetPlatform
[2016.03.24-18.54.33:607][  0]LogTemp:Display: Loaded TP WindowsServerTargetPlatform
[2016.03.24-18.54.33:610][  0]LogTemp:Display: Loaded TP WindowsTargetPlatform
[2016.03.24-18.54.33:612][  0]LogTemp:Display: Loaded TP AndroidTargetPlatform
[2016.03.24-18.54.33:615][  0]LogTemp:Display: Loaded TP Android_ASTCTargetPlatform
[2016.03.24-18.54.33:617][  0]LogTemp:Display: Loaded TP Android_ATCTargetPlatform
[2016.03.24-18.54.33:619][  0]LogTemp:Display: Loaded TP Android_DXTTargetPlatform
[2016.03.24-18.54.33:621][  0]LogTemp:Display: Loaded TP Android_ETC1TargetPlatform
[2016.03.24-18.54.33:623][  0]LogTemp:Display: Loaded TP Android_ETC2TargetPlatform
[2016.03.24-18.54.33:627][  0]LogTemp:Display: Loaded TP Android_MultiTargetPlatform
[2016.03.24-18.54.33:627][  0]LogTemp:Display: Loaded TP Android_PVRTCTargetPlatform
[2016.03.24-18.54.33:628][  0]LogTemp:Display: Loaded TP HTML5TargetPlatform
[2016.03.24-18.54.33:643][  0]LogTemp:Display: Loaded TP IOSTargetPlatform
[2016.03.24-18.54.33:645][  0]LogTemp:Display: Loaded TP LinuxNoEditorTargetPlatform
[2016.03.24-18.54.33:647][  0]LogTemp:Display: Loaded TP LinuxServerTargetPlatform
[2016.03.24-18.54.33:650][  0]LogTemp:Display: Loaded TP LinuxTargetPlatform
[2016.03.24-18.54.33:650][  0]LogTargetPlatformManager:Display: Building Assets For Windows
[2016.03.24-18.54.33:716][  0]LogDerivedDataCache:Display: Max Cache Size: 512 MB
[2016.03.24-18.54.33:749][  0]LogDerivedDataCache: Loaded boot cache 0.03s 41MB C:/Users/mjham/AppData/Local/UnrealEngine/4.10/DerivedDataCache/Boot.ddc.
[2016.03.24-18.54.33:749][  0]LogDerivedDataCache:Display: Loaded Boot cache: C:/Users/mjham/AppData/Local/UnrealEngine/4.10/DerivedDataCache/Boot.ddc
[2016.03.24-18.54.33:749][  0]LogDerivedDataCache: FDerivedDataBackendGraph:  Pak pak cache file ../../../../../../Users/mjham/Documents/GitHub/UnrealLibNoise/ULNExample/DerivedDataCache/DDC.ddp not found, will not use a pak cache.
[2016.03.24-18.54.33:749][  0]LogDerivedDataCache: Unable to find inner node Pak for hierarchical cache Hierarchy.
[2016.03.24-18.54.33:749][  0]LogDerivedDataCache: FDerivedDataBackendGraph:  CompressedPak pak cache file ../../../../../../Users/mjham/Documents/GitHub/UnrealLibNoise/ULNExample/DerivedDataCache/Compressed.ddp not found, will not use a pak cache.
[2016.03.24-18.54.33:749][  0]LogDerivedDataCache: Unable to find inner node CompressedPak for hierarchical cache Hierarchy.
[2016.03.24-18.54.33:794][  0]LogDerivedDataCache:Display: Pak cache opened for reading ../../../Engine/DerivedDataCache/Compressed.ddp.
[2016.03.24-18.54.33:806][  0]LogDerivedDataCache: Using Local data cache path C:/Users/mjham/AppData/Local/UnrealEngine/Common/DerivedDataCache: Writable
[2016.03.24-18.54.33:949][  0]LogInit: Selected Device Profile: [Windows]
[2016.03.24-18.54.33:951][  0]LogContentStreaming: Texture pool size is 0.000000MB
[2016.03.24-18.54.34:036][  0]LogMeshUtilities: No automatic mesh reduction module available
[2016.03.24-18.54.34:036][  0]LogMeshUtilities: No automatic mesh merging module available
[2016.03.24-18.54.34:209][  0]LogInit: WinSock: version 1.1 (2.2), MaxSocks=32767, MaxUdp=65467
[2016.03.24-18.54.34:857][  0]UdpMessaging: Initializing bridge on interface 0.0.0.0:0 to multicast group 230.0.0.1:6666.
[2016.03.24-18.54.34:952][  0]LogAssetRegistry: FAssetRegistry took 0.0107 seconds to start up
[2016.03.24-18.54.35:086][  0]SourceControl: Info Source control is disabled
[2016.03.24-18.54.35:187][  0]SourceControl: Info Source control is disabled
[2016.03.24-18.54.35:198][  0]SourceControl: Info Source control is disabled
[2016.03.24-18.54.35:209][  0]SourceControl: Info Source control is disabled
[2016.03.24-18.54.35:448][  0]LogObj: 29164 objects as part of root set at end of initial load.
[2016.03.24-18.54.35:448][  0]LogUObjectAllocator: 6195088 out of 0 bytes used by permanent object pool.
[2016.03.24-18.54.35:491][  0]LogEngine: Initializing Engine...
[2016.03.24-18.54.35:494][  0]LogHMD: Can't find Oculus library dev build: is proper Runtime installed? Version: 0.8.0.0
[2016.03.24-18.54.35:495][  0]LogHMD: SteamVR failed to initialize.  Err: 110
[2016.03.24-18.54.35:583][  0]LogAIModule: Creating AISystem for world NewWorld
[2016.03.24-18.54.35:635][  0]LogInit: XAudio2 using 'NS-32D312NA15-4 (3- NVIDIA High Definition Audio)' : 2 channels at 48 kHz using 16 bits per sample (channel mask 0x3)
[2016.03.24-18.54.35:722][  0]LogInit: FAudioDevice initialized.
[2016.03.24-18.54.35:742][  0]LogDerivedDataCache: Saved boot cache 0.02s 41MB C:/Users/mjham/AppData/Local/UnrealEngine/4.10/DerivedDataCache/Boot.ddc.
[2016.03.24-18.54.35:746][  0]LogInit: Texture streaming: Enabled
[2016.03.24-18.54.35:749][  0]LogAnalytics: Creating configured Analytics provider AnalyticsET
[2016.03.24-18.54.35:749][  0]LogAnalytics: [UEEditor.Rocket.Release] APIServer = http://et2.epicgames.com/ET2/. AppVersion = 4.10.4-2872498+++depot+UE4-Releases+4.10
[2016.03.24-18.54.35:749][  0]LogAnalytics: [UEEditor.Rocket.Release] SetUserId 34ef22ea42048a01047d2591f61f522f|591828904eb24b6cae592af9671c0e57|8abd4aff-5338-49cb-9d2a-d046ffd0cc37
[2016.03.24-18.54.35:749][  0]LogAnalytics: [UEEditor.Rocket.Release] AnalyticsET::StartSession
[2016.03.24-18.54.35:758][  0]LogInit: Transaction tracking system initialized
[2016.03.24-18.54.35:773][  0]BlueprintLog: New page: Editor Load
[2016.03.24-18.54.35:825][  0]LocalizationService: Info Localization service is disabled
[2016.03.24-18.54.35:886][  0]LogConsoleResponse:Display: 
[2016.03.24-18.54.35:976][  0]LogCook:Display: Done creating registry. It took  0.00s.
[2016.03.24-18.54.36:021][  0]LogFileCache: Scanning file cache for directory 'D:/Users/mjham/Documents/GitHub/UnrealLibNoise/ULNExample/Content/' took 0.01s
[2016.03.24-18.54.36:021][  0]SourceControl: Info Source control is disabled
[2016.03.24-18.54.36:021][  0]Cmd: MAP LOAD FILE="../../../Engine/Content/Maps/Templates/Template_Default.umap" TEMPLATE=1 SHOWPROGRESS=1 FEATURELEVEL=3
[2016.03.24-18.54.36:022][  0]LightingResults: New page: Lighting Build
[2016.03.24-18.54.36:024][  0]MapCheck: New page: Map Check
[2016.03.24-18.54.36:024][  0]LightingResults: New page: Lighting Build
[2016.03.24-18.54.36:031][  0]LogParticles: Destroying 0 GPU particle simulations for FXSystem 0x0000027144E17240
[2016.03.24-18.54.36:189][  0]LogAIModule: Creating AISystem for world Untitled_1
[2016.03.24-18.54.36:195][  0]LogEditorServer: Finished looking for orphan Actors (0.000 secs)
[2016.03.24-18.54.36:198][  0]Cmd: MAP CHECKDEP NOCLEARLOG
[2016.03.24-18.54.36:262][  0]MapCheck: Info Map check complete: 0 Error(s), 0 Warning(s), took 63.367ms to complete.
[2016.03.24-18.54.36:262][  0]LogFileHelpers: Loading map 'Template_Default' took 0.241
[2016.03.24-18.54.36:370][  0]LogCollectionManager: Loaded 0 collections in 0.000960 seconds
[2016.03.24-18.54.36:414][  0]LogFileCache: Scanning file cache for directory 'D:/Users/mjham/Documents/GitHub/UnrealLibNoise/ULNExample/Saved/Collections/' took 0.01s
[2016.03.24-18.54.36:414][  0]LogFileCache: Scanning file cache for directory 'D:/Users/mjham/Documents/GitHub/UnrealLibNoise/ULNExample/Content/Developers/mjham/Collections/' took 0.01s
[2016.03.24-18.54.36:414][  0]LogFileCache: Scanning file cache for directory 'D:/Users/mjham/Documents/GitHub/UnrealLibNoise/ULNExample/Content/Collections/' took 0.01s
[2016.03.24-18.54.36:414][  0]LogCollectionManager: Rebuilt the GUID cache for 0 collections in 0.000001 seconds
[2016.03.24-18.54.36:419][  0]LogContentBrowser: Native class hierarchy populated in 0.0053 seconds. Added 1924 classes and 343 folders.
[2016.03.24-18.54.36:423][  0]LogContentBrowser: Native class hierarchy updated for 'WidgetCarousel' in 0.0004 seconds. Added 0 classes and 0 folders.
[2016.03.24-18.54.36:474][  0]LogContentBrowser: Native class hierarchy updated for 'AddContentDialog' in 0.0004 seconds. Added 0 classes and 0 folders.
[2016.03.24-18.54.36:477][  0]LogContentBrowser: Native class hierarchy updated for 'SceneOutliner' in 0.0004 seconds. Added 1 classes and 2 folders.
[2016.03.24-18.54.36:508][  0]LogCrashTracker: Crashtracker disabled due to settings.
[2016.03.24-18.54.36:512][  0]LogUObjectGlobals:Warning: Failed to find object 'Class None.'
[2016.03.24-18.54.36:534][  0]LogLoad: Full Startup: 4.48 seconds (BP compile: 0.03 seconds)
[2016.03.24-18.54.36:546][  0]LogOcInput: Can't find Oculus library dev build: is proper Runtime installed? Version: 0.8.0.0
[2016.03.24-18.54.36:582][  0]LogContentStreaming: Texture pool size now 1000 MB
[2016.03.24-18.54.36:678][  0]LogRenderer: Reallocating scene render targets to support 1208x572 (Frame:2).
[2016.03.24-18.54.36:872][  2]LogAssetRegistry: Asset discovery search completed in 1.9309 seconds
[2016.03.24-18.54.36:872][  2]LogCollectionManager: Rebuilt the object cache for 0 collections in 0.000001 seconds (found 0 objects)
[2016.03.24-18.54.36:872][  2]LogCollectionManager: Fixed up redirectors for 0 collections in 0.000014 seconds (updated 0 objects)
[2016.03.24-18.54.42:563][669]LogLinker:Warning: Asset '../../../Engine/Content/ArtTools/RenderToTexture/Macros/RenderToTextureMacros.uasset' has been saved with empty engine version. The asset will be loaded but may be incompatible.
[2016.03.24-18.54.42:843][669]LogContentBrowser: Native class hierarchy updated for 'BlueprintGraph' in 0.0007 seconds. Added 107 classes and 0 folders.
[2016.03.24-18.55.13:718][933]Cmd: OBJ SAVEPACKAGE PACKAGE="/Game/BaseImageViewer" FILE="../../../../../../Users/mjham/Documents/GitHub/UnrealLibNoise/ULNExample/Content/BaseImageViewer.uasset" SILENT=true
[2016.03.24-18.55.13:775][933]LogSavePackage: Save=48.613968ms
[2016.03.24-18.55.13:775][933]LogSavePackage: Moving '../../../../../../Users/mjham/Documents/GitHub/UnrealLibNoise/ULNExample/Saved/BaseImageViewer35461FA7461737CCFAA508B0314453FC.tmp' to '../../../../../../Users/mjham/Documents/GitHub/UnrealLibNoise/ULNExample/Content/BaseImageViewer.uasset'
[2016.03.24-18.55.13:779][933]LogSavePackage: Total save time: 59.707679ms
[2016.03.24-18.55.13:779][933]LogSavePackage:Display: Finished SavePackage ../../../../../../Users/mjham/Documents/GitHub/UnrealLibNoise/ULNExample/Content/BaseImageViewer.uasset
[2016.03.24-18.57.59:918][731]Cmd: OBJ SAVEPACKAGE PACKAGE="/Game/BaseImageViewer" FILE="../../../../../../Users/mjham/Documents/GitHub/UnrealLibNoise/ULNExample/Content/BaseImageViewer.uasset" SILENT=true
[2016.03.24-18.57.59:999][731]LogSavePackage: Save=77.125687ms
[2016.03.24-18.57.59:999][731]LogSavePackage: Moving '../../../../../../Users/mjham/Documents/GitHub/UnrealLibNoise/ULNExample/Saved/BaseImageViewerFCAE39EB47291911DFCCA6AC7C6FD3EF.tmp' to '../../../../../../Users/mjham/Documents/GitHub/UnrealLibNoise/ULNExample/Content/BaseImageViewer.uasset'
[2016.03.24-18.58.00:002][731]LogSavePackage: Total save time: 82.285795ms
[2016.03.24-18.58.00:002][731]LogSavePackage:Display: Finished SavePackage ../../../../../../Users/mjham/Documents/GitHub/UnrealLibNoise/ULNExample/Content/BaseImageViewer.uasset
[2016.03.24-18.58.42:501][794]Cmd: OBJ SAVEPACKAGE PACKAGE="/Game/BaseImageViewer" FILE="../../../../../../Users/mjham/Documents/GitHub/UnrealLibNoise/ULNExample/Content/BaseImageViewer.uasset" SILENT=true
[2016.03.24-18.58.42:558][794]LogSavePackage: Save=54.102730ms
[2016.03.24-18.58.42:558][794]LogSavePackage: Moving '../../../../../../Users/mjham/Documents/GitHub/UnrealLibNoise/ULNExample/Saved/BaseImageViewer9F5CBCF841529E5B5DF30FA614788C22.tmp' to '../../../../../../Users/mjham/Documents/GitHub/UnrealLibNoise/ULNExample/Content/BaseImageViewer.uasset'
[2016.03.24-18.58.42:562][794]LogSavePackage: Total save time: 59.145778ms
[2016.03.24-18.58.42:562][794]LogSavePackage:Display: Finished SavePackage ../../../../../../Users/mjham/Documents/GitHub/UnrealLibNoise/ULNExample/Content/BaseImageViewer.uasset
[2016.03.24-18.59.07:196][354]BlueprintLog: New page: Compile BaseImageViewer
[2016.03.24-18.59.07:270][354]BlueprintEditorCompileResults: Info [0275.22] Compile of BaseImageViewer successful! [in 73 ms]
[2016.03.24-19.00.09:818][658]Cmd: OBJ SAVEPACKAGE PACKAGE="/Game/BaseImageViewer" FILE="../../../../../../Users/mjham/Documents/GitHub/UnrealLibNoise/ULNExample/Content/BaseImageViewer.uasset" SILENT=true
[2016.03.24-19.00.09:847][658]LogSavePackage: Save=26.247438ms
[2016.03.24-19.00.09:847][658]LogSavePackage: Moving '../../../../../../Users/mjham/Documents/GitHub/UnrealLibNoise/ULNExample/Saved/BaseImageViewerD3F620014633FA7578414EB946A73C6A.tmp' to '../../../../../../Users/mjham/Documents/GitHub/UnrealLibNoise/ULNExample/Content/BaseImageViewer.uasset'
[2016.03.24-19.00.09:854][658]LogSavePackage: Total save time: 34.283772ms
[2016.03.24-19.00.09:854][658]LogSavePackage:Display: Finished SavePackage ../../../../../../Users/mjham/Documents/GitHub/UnrealLibNoise/ULNExample/Content/BaseImageViewer.uasset
[2016.03.24-19.00.19:952][859]Cmd: OBJ SAVEPACKAGE PACKAGE="/Game/BaseImageViewer" FILE="../../../../../../Users/mjham/Documents/GitHub/UnrealLibNoise/ULNExample/Content/BaseImageViewer.uasset" SILENT=true
[2016.03.24-19.00.19:985][859]LogSavePackage: Save=26.337578ms
[2016.03.24-19.00.19:985][859]LogSavePackage: Moving '../../../../../../Users/mjham/Documents/GitHub/UnrealLibNoise/ULNExample/Saved/BaseImageViewerDE8F93E2427A4589D0F57FA015555258.tmp' to '../../../../../../Users/mjham/Documents/GitHub/UnrealLibNoise/ULNExample/Content/BaseImageViewer.uasset'
[2016.03.24-19.00.19:989][859]LogSavePackage: Total save time: 35.251003ms
[2016.03.24-19.00.19:989][859]LogSavePackage:Display: Finished SavePackage ../../../../../../Users/mjham/Documents/GitHub/UnrealLibNoise/ULNExample/Content/BaseImageViewer.uasset
[2016.03.24-19.00.34:584][572]Cmd: OBJ SAVEPACKAGE PACKAGE="/Game/BaseImageViewer" FILE="../../../../../../Users/mjham/Documents/GitHub/UnrealLibNoise/ULNExample/Content/BaseImageViewer.uasset" SILENT=true
[2016.03.24-19.00.34:614][572]LogSavePackage: Save=26.196224ms
[2016.03.24-19.00.34:614][572]LogSavePackage: Moving '../../../../../../Users/mjham/Documents/GitHub/UnrealLibNoise/ULNExample/Saved/BaseImageViewer7D3CDCEB4B3297C16BBD14A5FE4D7397.tmp' to '../../../../../../Users/mjham/Documents/GitHub/UnrealLibNoise/ULNExample/Content/BaseImageViewer.uasset'
[2016.03.24-19.00.34:618][572]LogSavePackage: Total save time: 31.725083ms
[2016.03.24-19.00.34:618][572]LogSavePackage:Display: Finished SavePackage ../../../../../../Users/mjham/Documents/GitHub/UnrealLibNoise/ULNExample/Content/BaseImageViewer.uasset
[2016.03.24-19.02.03:335][641]Cmd: OBJ SAVEPACKAGE PACKAGE="/Game/BaseImageViewer" FILE="../../../../../../Users/mjham/Documents/GitHub/UnrealLibNoise/ULNExample/Content/BaseImageViewer.uasset" SILENT=true
[2016.03.24-19.02.03:374][641]LogSavePackage: Save=36.862366ms
[2016.03.24-19.02.03:374][641]LogSavePackage: Moving '../../../../../../Users/mjham/Documents/GitHub/UnrealLibNoise/ULNExample/Saved/BaseImageViewerFE73C2E245A47B570090BBB1CCDBD59C.tmp' to '../../../../../../Users/mjham/Documents/GitHub/UnrealLibNoise/ULNExample/Content/BaseImageViewer.uasset'
[2016.03.24-19.02.03:379][641]LogSavePackage: Total save time: 42.958975ms
[2016.03.24-19.02.03:379][641]LogSavePackage:Display: Finished SavePackage ../../../../../../Users/mjham/Documents/GitHub/UnrealLibNoise/ULNExample/Content/BaseImageViewer.uasset
[2016.03.24-19.02.17:767][335]Cmd: OBJ SAVEPACKAGE PACKAGE="/Game/BaseImageViewer" FILE="../../../../../../Users/mjham/Documents/GitHub/UnrealLibNoise/ULNExample/Content/BaseImageViewer.uasset" SILENT=true
[2016.03.24-19.02.17:812][335]LogSavePackage: Save=41.533447ms
[2016.03.24-19.02.17:812][335]LogSavePackage: Moving '../../../../../../Users/mjham/Documents/GitHub/UnrealLibNoise/ULNExample/Saved/BaseImageViewer6435B6934C0C67F61100F791CF22D3EE.tmp' to '../../../../../../Users/mjham/Documents/GitHub/UnrealLibNoise/ULNExample/Content/BaseImageViewer.uasset'
[2016.03.24-19.02.17:816][335]LogSavePackage: Total save time: 47.659028ms
[2016.03.24-19.02.17:816][335]LogSavePackage:Display: Finished SavePackage ../../../../../../Users/mjham/Documents/GitHub/UnrealLibNoise/ULNExample/Content/BaseImageViewer.uasset
[2016.03.24-19.02.19:347][514]BlueprintLog: New page: Compile BaseImageViewer
[2016.03.24-19.02.19:355][514]LogBlueprint:Error: [compiler BaseImageViewer] Error Binding: Property ' VisibilityDelegate ' on Widget ' TextBlock_1 ': Binding: 'None' : 'None' was not found on 'Base Image Viewer'.
[2016.03.24-19.02.19:451][514]LogBlueprint:Warning: [compiler BaseImageViewer] Warning [0467.40] Compile of BaseImageViewer failed. 1 Fatal Issue(s) 0 Warning(s) [in 103 ms]
[2016.03.24-19.02.19:451][514]BlueprintEditorCompileResults:Error: Error Binding: Property ' VisibilityDelegate ' on Widget ' TextBlock_1 ': Binding: 'None' : 'None' was not found on 'Base Image Viewer'.
[2016.03.24-19.02.19:451][514]BlueprintEditorCompileResults:Warning: Warning [0467.40] Compile of BaseImageViewer failed. 1 Fatal Issue(s) 0 Warning(s) [in 103 ms]
[2016.03.24-19.02.32:532][828]Cmd: OBJ SAVEPACKAGE PACKAGE="/Game/BaseImageViewer" FILE="../../../../../../Users/mjham/Documents/GitHub/UnrealLibNoise/ULNExample/Content/BaseImageViewer.uasset" SILENT=true
[2016.03.24-19.02.32:561][828]LogSavePackage: Save=25.767191ms
[2016.03.24-19.02.32:561][828]LogSavePackage: Moving '../../../../../../Users/mjham/Documents/GitHub/UnrealLibNoise/ULNExample/Saved/BaseImageViewer42AD82A54D732BCA5A896E9AD2EC8819.tmp' to '../../../../../../Users/mjham/Documents/GitHub/UnrealLibNoise/ULNExample/Content/BaseImageViewer.uasset'
[2016.03.24-19.02.32:565][828]LogSavePackage: Total save time: 31.459931ms
[2016.03.24-19.02.32:565][828]LogSavePackage:Display: Finished SavePackage ../../../../../../Users/mjham/Documents/GitHub/UnrealLibNoise/ULNExample/Content/BaseImageViewer.uasset
[2016.03.24-19.03.01:234][932]Cmd: OBJ SAVEPACKAGE PACKAGE="/Game/BaseImageViewer" FILE="../../../../../../Users/mjham/Documents/GitHub/UnrealLibNoise/ULNExample/Content/BaseImageViewer.uasset" SILENT=true
[2016.03.24-19.03.01:270][932]LogSavePackage: Save=31.633480ms
[2016.03.24-19.03.01:270][932]LogSavePackage: Moving '../../../../../../Users/mjham/Documents/GitHub/UnrealLibNoise/ULNExample/Saved/BaseImageViewer5040EC8D4974DFB40E06189EFC6E5837.tmp' to '../../../../../../Users/mjham/Documents/GitHub/UnrealLibNoise/ULNExample/Content/BaseImageViewer.uasset'
[2016.03.24-19.03.01:274][932]LogSavePackage: Total save time: 37.375979ms
[2016.03.24-19.03.01:274][932]LogSavePackage:Display: Finished SavePackage ../../../../../../Users/mjham/Documents/GitHub/UnrealLibNoise/ULNExample/Content/BaseImageViewer.uasset
[2016.03.24-19.03.13:918][386]Cmd: OBJ SAVEPACKAGE PACKAGE="/Game/BaseImageViewer" FILE="../../../../../../Users/mjham/Documents/GitHub/UnrealLibNoise/ULNExample/Content/BaseImageViewer.uasset" SILENT=true
[2016.03.24-19.03.13:955][386]LogSavePackage: Save=34.142712ms
[2016.03.24-19.03.13:955][386]LogSavePackage: Moving '../../../../../../Users/mjham/Documents/GitHub/UnrealLibNoise/ULNExample/Saved/BaseImageViewerC09253BC46AA2307D493D0AA03F4CB67.tmp' to '../../../../../../Users/mjham/Documents/GitHub/UnrealLibNoise/ULNExample/Content/BaseImageViewer.uasset'
[2016.03.24-19.03.13:960][386]LogSavePackage: Total save time: 40.442426ms
[2016.03.24-19.03.13:960][386]LogSavePackage:Display: Finished SavePackage ../../../../../../Users/mjham/Documents/GitHub/UnrealLibNoise/ULNExample/Content/BaseImageViewer.uasset
[2016.03.24-19.04.03:768][974]Cmd: OBJ SAVEPACKAGE PACKAGE="/Game/BaseImageViewer" FILE="../../../../../../Users/mjham/Documents/GitHub/UnrealLibNoise/ULNExample/Content/BaseImageViewer.uasset" SILENT=true
[2016.03.24-19.04.03:814][974]LogSavePackage: Save=43.003166ms
[2016.03.24-19.04.03:814][974]LogSavePackage: Moving '../../../../../../Users/mjham/Documents/GitHub/UnrealLibNoise/ULNExample/Saved/BaseImageViewer7F83D43F43648085C0B9DD80DC801D97.tmp' to '../../../../../../Users/mjham/Documents/GitHub/UnrealLibNoise/ULNExample/Content/BaseImageViewer.uasset'
[2016.03.24-19.04.03:818][974]LogSavePackage: Total save time: 48.772879ms
[2016.03.24-19.04.03:818][974]LogSavePackage:Display: Finished SavePackage ../../../../../../Users/mjham/Documents/GitHub/UnrealLibNoise/ULNExample/Content/BaseImageViewer.uasset
[2016.03.24-19.04.11:347][867]BlueprintLog: New page: Compile BaseImageViewer
[2016.03.24-19.04.11:419][867]BlueprintEditorCompileResults: Info [0579.37] Compile of BaseImageViewer successful! [in 71 ms]
[2016.03.24-19.04.12:368][976]Cmd: OBJ SAVEPACKAGE PACKAGE="/Game/BaseImageViewer" FILE="../../../../../../Users/mjham/Documents/GitHub/UnrealLibNoise/ULNExample/Content/BaseImageViewer.uasset" SILENT=true
[2016.03.24-19.04.12:402][976]LogSavePackage: Save=31.476616ms
[2016.03.24-19.04.12:402][976]LogSavePackage: Moving '../../../../../../Users/mjham/Documents/GitHub/UnrealLibNoise/ULNExample/Saved/BaseImageViewer1435C129486088DB1078689D74A50F5C.tmp' to '../../../../../../Users/mjham/Documents/GitHub/UnrealLibNoise/ULNExample/Content/BaseImageViewer.uasset'
[2016.03.24-19.04.12:404][976]LogSavePackage: Total save time: 35.192467ms
[2016.03.24-19.04.12:404][976]LogSavePackage:Display: Finished SavePackage ../../../../../../Users/mjham/Documents/GitHub/UnrealLibNoise/ULNExample/Content/BaseImageViewer.uasset
[2016.03.24-19.04.51:984][274]Cmd: OBJ SAVEPACKAGE PACKAGE="/Game/BaseImageViewer" FILE="../../../../../../Users/mjham/Documents/GitHub/UnrealLibNoise/ULNExample/Content/BaseImageViewer.uasset" SILENT=true
[2016.03.24-19.04.52:025][274]LogSavePackage: Save=37.469917ms
[2016.03.24-19.04.52:025][274]LogSavePackage: Moving '../../../../../../Users/mjham/Documents/GitHub/UnrealLibNoise/ULNExample/Saved/BaseImageViewer9AA459D843EF869690582896962D0901.tmp' to '../../../../../../Users/mjham/Documents/GitHub/UnrealLibNoise/ULNExample/Content/BaseImageViewer.uasset'
[2016.03.24-19.04.52:030][274]LogSavePackage: Total save time: 43.865331ms
[2016.03.24-19.04.52:030][274]LogSavePackage:Display: Finished SavePackage ../../../../../../Users/mjham/Documents/GitHub/UnrealLibNoise/ULNExample/Content/BaseImageViewer.uasset
[2016.03.24-19.04.53:718][465]Cmd: OBJ SAVEPACKAGE PACKAGE="/Game/BaseImageViewer" FILE="../../../../../../Users/mjham/Documents/GitHub/UnrealLibNoise/ULNExample/Content/BaseImageViewer.uasset" SILENT=true
[2016.03.24-19.04.53:760][465]LogSavePackage: Save=38.749119ms
[2016.03.24-19.04.53:760][465]LogSavePackage: Moving '../../../../../../Users/mjham/Documents/GitHub/UnrealLibNoise/ULNExample/Saved/BaseImageViewer6415948546D7D8EA891988A1AF6AB469.tmp' to '../../../../../../Users/mjham/Documents/GitHub/UnrealLibNoise/ULNExample/Content/BaseImageViewer.uasset'
[2016.03.24-19.04.53:763][465]LogSavePackage: Total save time: 43.715492ms
[2016.03.24-19.04.53:763][465]LogSavePackage:Display: Finished SavePackage ../../../../../../Users/mjham/Documents/GitHub/UnrealLibNoise/ULNExample/Content/BaseImageViewer.uasset
[2016.03.24-19.05.07:068][ 33]Cmd: OBJ SAVEPACKAGE PACKAGE="/Game/BaseImageViewer" FILE="../../../../../../Users/mjham/Documents/GitHub/UnrealLibNoise/ULNExample/Content/BaseImageViewer.uasset" SILENT=true
[2016.03.24-19.05.07:109][ 33]LogSavePackage: Save=38.081276ms
[2016.03.24-19.05.07:109][ 33]LogSavePackage: Moving '../../../../../../Users/mjham/Documents/GitHub/UnrealLibNoise/ULNExample/Saved/BaseImageViewerFF2CDB8849944E8FCEE768BC9D4C3743.tmp' to '../../../../../../Users/mjham/Documents/GitHub/UnrealLibNoise/ULNExample/Content/BaseImageViewer.uasset'
[2016.03.24-19.05.07:113][ 33]LogSavePackage: Total save time: 43.813821ms
[2016.03.24-19.05.07:113][ 33]LogSavePackage:Display: Finished SavePackage ../../../../../../Users/mjham/Documents/GitHub/UnrealLibNoise/ULNExample/Content/BaseImageViewer.uasset
[2016.03.24-19.05.21:218][708]Cmd: OBJ SAVEPACKAGE PACKAGE="/Game/BaseImageViewer" FILE="../../../../../../Users/mjham/Documents/GitHub/UnrealLibNoise/ULNExample/Content/BaseImageViewer.uasset" SILENT=true
[2016.03.24-19.05.21:264][708]LogSavePackage: Save=39.253071ms
[2016.03.24-19.05.21:264][708]LogSavePackage: Moving '../../../../../../Users/mjham/Documents/GitHub/UnrealLibNoise/ULNExample/Saved/BaseImageViewer22E940E64CD46ABC16A622A3E5496840.tmp' to '../../../../../../Users/mjham/Documents/GitHub/UnrealLibNoise/ULNExample/Content/BaseImageViewer.uasset'
[2016.03.24-19.05.21:268][708]LogSavePackage: Total save time: 48.423741ms
[2016.03.24-19.05.21:268][708]LogSavePackage:Display: Finished SavePackage ../../../../../../Users/mjham/Documents/GitHub/UnrealLibNoise/ULNExample/Content/BaseImageViewer.uasset
[2016.03.24-19.05.24:423][ 80]BlueprintLog: New page: Compile BaseImageViewer
[2016.03.24-19.05.24:494][ 80]BlueprintEditorCompileResults: Info [0652.44] Compile of BaseImageViewer successful! [in 71 ms]
[2016.03.24-19.06.01:084][221]Cmd: OBJ SAVEPACKAGE PACKAGE="/Game/BaseImageViewer" FILE="../../../../../../Users/mjham/Documents/GitHub/UnrealLibNoise/ULNExample/Content/BaseImageViewer.uasset" SILENT=true
[2016.03.24-19.06.01:128][221]LogSavePackage: Save=40.846584ms
[2016.03.24-19.06.01:128][221]LogSavePackage: Moving '../../../../../../Users/mjham/Documents/GitHub/UnrealLibNoise/ULNExample/Saved/BaseImageViewer969571454BE68AFD2792A183BC522531.tmp' to '../../../../../../Users/mjham/Documents/GitHub/UnrealLibNoise/ULNExample/Content/BaseImageViewer.uasset'
[2016.03.24-19.06.01:133][221]LogSavePackage: Total save time: 47.076643ms
[2016.03.24-19.06.01:133][221]LogSavePackage:Display: Finished SavePackage ../../../../../../Users/mjham/Documents/GitHub/UnrealLibNoise/ULNExample/Content/BaseImageViewer.uasset
[2016.03.24-19.06.16:691][ 70]BlueprintLog: New page: Compile BaseImageViewer
[2016.03.24-19.06.16:763][ 70]BlueprintEditorCompileResults: Info [0704.71] Compile of BaseImageViewer successful! [in 71 ms]
[2016.03.24-19.06.18:101][223]Cmd: OBJ SAVEPACKAGE PACKAGE="/Game/BaseImageViewer" FILE="../../../../../../Users/mjham/Documents/GitHub/UnrealLibNoise/ULNExample/Content/BaseImageViewer.uasset" SILENT=true
[2016.03.24-19.06.18:144][223]LogSavePackage: Save=39.379791ms
[2016.03.24-19.06.18:144][223]LogSavePackage: Moving '../../../../../../Users/mjham/Documents/GitHub/UnrealLibNoise/ULNExample/Saved/BaseImageViewerD7055339486719D2FE004F97BDE79F71.tmp' to '../../../../../../Users/mjham/Documents/GitHub/UnrealLibNoise/ULNExample/Content/BaseImageViewer.uasset'
[2016.03.24-19.06.18:148][223]LogSavePackage: Total save time: 45.208622ms
[2016.03.24-19.06.18:148][223]LogSavePackage:Display: Finished SavePackage ../../../../../../Users/mjham/Documents/GitHub/UnrealLibNoise/ULNExample/Content/BaseImageViewer.uasset
[2016.03.24-19.06.43:710][248]BlueprintLog: New page: Compile BaseImageViewer
[2016.03.24-19.06.43:794][248]BlueprintEditorCompileResults: Info [0731.74] Compile of BaseImageViewer successful! [in 83 ms]
[2016.03.24-19.06.45:018][391]Cmd: OBJ SAVEPACKAGE PACKAGE="/Game/BaseImageViewer" FILE="../../../../../../Users/mjham/Documents/GitHub/UnrealLibNoise/ULNExample/Content/BaseImageViewer.uasset" SILENT=true
[2016.03.24-19.06.45:060][391]LogSavePackage: Save=38.613033ms
[2016.03.24-19.06.45:060][391]LogSavePackage: Moving '../../../../../../Users/mjham/Documents/GitHub/UnrealLibNoise/ULNExample/Saved/BaseImageViewer761075DB401872BC498774A9FD542817.tmp' to '../../../../../../Users/mjham/Documents/GitHub/UnrealLibNoise/ULNExample/Content/BaseImageViewer.uasset'
[2016.03.24-19.06.45:064][391]LogSavePackage: Total save time: 44.892259ms
[2016.03.24-19.06.45:064][391]LogSavePackage:Display: Finished SavePackage ../../../../../../Users/mjham/Documents/GitHub/UnrealLibNoise/ULNExample/Content/BaseImageViewer.uasset
[2016.03.24-19.07.30:618][542]Cmd: OBJ SAVEPACKAGE PACKAGE="/Game/BaseImageViewer" FILE="../../../../../../Users/mjham/Documents/GitHub/UnrealLibNoise/ULNExample/Content/BaseImageViewer.uasset" SILENT=true
[2016.03.24-19.07.30:666][542]LogSavePackage: Save=44.761150ms
[2016.03.24-19.07.30:666][542]LogSavePackage: Moving '../../../../../../Users/mjham/Documents/GitHub/UnrealLibNoise/ULNExample/Saved/BaseImageViewerCFD2B16F4C57C75222449FAA0B7F8DB7.tmp' to '../../../../../../Users/mjham/Documents/GitHub/UnrealLibNoise/ULNExample/Content/BaseImageViewer.uasset'
[2016.03.24-19.07.30:670][542]LogSavePackage: Total save time: 50.979797ms
[2016.03.24-19.07.30:670][542]LogSavePackage:Display: Finished SavePackage ../../../../../../Users/mjham/Documents/GitHub/UnrealLibNoise/ULNExample/Content/BaseImageViewer.uasset
[2016.03.24-19.07.32:984][811]Cmd: OBJ SAVEPACKAGE PACKAGE="/Game/BaseImageViewer" FILE="../../../../../../Users/mjham/Documents/GitHub/UnrealLibNoise/ULNExample/Content/BaseImageViewer.uasset" SILENT=true
[2016.03.24-19.07.33:033][811]LogSavePackage: Save=45.323051ms
[2016.03.24-19.07.33:033][811]LogSavePackage: Moving '../../../../../../Users/mjham/Documents/GitHub/UnrealLibNoise/ULNExample/Saved/BaseImageViewer2429193A4ED37A4C99A4C885D0EFC069.tmp' to '../../../../../../Users/mjham/Documents/GitHub/UnrealLibNoise/ULNExample/Content/BaseImageViewer.uasset'
[2016.03.24-19.07.33:037][811]LogSavePackage: Total save time: 51.083982ms
[2016.03.24-19.07.33:037][811]LogSavePackage:Display: Finished SavePackage ../../../../../../Users/mjham/Documents/GitHub/UnrealLibNoise/ULNExample/Content/BaseImageViewer.uasset
[2016.03.24-19.07.38:068][393]Cmd: OBJ SAVEPACKAGE PACKAGE="/Game/BaseImageViewer" FILE="../../../../../../Users/mjham/Documents/GitHub/UnrealLibNoise/ULNExample/Content/BaseImageViewer.uasset" SILENT=true
[2016.03.24-19.07.38:116][393]LogSavePackage: Save=45.669262ms
[2016.03.24-19.07.38:116][393]LogSavePackage: Moving '../../../../../../Users/mjham/Documents/GitHub/UnrealLibNoise/ULNExample/Saved/BaseImageViewerBA7D402746B15B7C335100A6AB455E90.tmp' to '../../../../../../Users/mjham/Documents/GitHub/UnrealLibNoise/ULNExample/Content/BaseImageViewer.uasset'
[2016.03.24-19.07.38:121][393]LogSavePackage: Total save time: 51.613398ms
[2016.03.24-19.07.38:121][393]LogSavePackage:Display: Finished SavePackage ../../../../../../Users/mjham/Documents/GitHub/UnrealLibNoise/ULNExample/Content/BaseImageViewer.uasset
[2016.03.24-19.07.49:550][738]Cmd: OBJ SAVEPACKAGE PACKAGE="/Game/BaseImageViewer" FILE="../../../../../../Users/mjham/Documents/GitHub/UnrealLibNoise/ULNExample/Content/BaseImageViewer.uasset" SILENT=true
[2016.03.24-19.07.49:600][738]LogSavePackage: Save=45.543419ms
[2016.03.24-19.07.49:600][738]LogSavePackage: Moving '../../../../../../Users/mjham/Documents/GitHub/UnrealLibNoise/ULNExample/Saved/BaseImageViewer48704E7F4E01E8FE8D9B83A0B69C203E.tmp' to '../../../../../../Users/mjham/Documents/GitHub/UnrealLibNoise/ULNExample/Content/BaseImageViewer.uasset'
[2016.03.24-19.07.49:604][738]LogSavePackage: Total save time: 51.452145ms
[2016.03.24-19.07.49:604][738]LogSavePackage:Display: Finished SavePackage ../../../../../../Users/mjham/Documents/GitHub/UnrealLibNoise/ULNExample/Content/BaseImageViewer.uasset
[2016.03.24-19.10.10:518][353]Cmd: OBJ SAVEPACKAGE PACKAGE="/Game/BaseImageViewer" FILE="../../../../../../Users/mjham/Documents/GitHub/UnrealLibNoise/ULNExample/Content/BaseImageViewer.uasset" SILENT=true
[2016.03.24-19.10.10:573][353]LogSavePackage: Save=52.298504ms
[2016.03.24-19.10.10:573][353]LogSavePackage: Moving '../../../../../../Users/mjham/Documents/GitHub/UnrealLibNoise/ULNExample/Saved/BaseImageViewer7087BF8841161A58E69B81884BD947B4.tmp' to '../../../../../../Users/mjham/Documents/GitHub/UnrealLibNoise/ULNExample/Content/BaseImageViewer.uasset'
[2016.03.24-19.10.10:577][353]LogSavePackage: Total save time: 57.395112ms
[2016.03.24-19.10.10:577][353]LogSavePackage:Display: Finished SavePackage ../../../../../../Users/mjham/Documents/GitHub/UnrealLibNoise/ULNExample/Content/BaseImageViewer.uasset
[2016.03.24-19.10.26:468][225]Cmd: OBJ SAVEPACKAGE PACKAGE="/Game/BaseImageViewer" FILE="../../../../../../Users/mjham/Documents/GitHub/UnrealLibNoise/ULNExample/Content/BaseImageViewer.uasset" SILENT=true
[2016.03.24-19.10.26:528][225]LogSavePackage: Save=53.334507ms
[2016.03.24-19.10.26:528][225]LogSavePackage: Moving '../../../../../../Users/mjham/Documents/GitHub/UnrealLibNoise/ULNExample/Saved/BaseImageViewerD68B5B5A49BAA4D07E0077BDB85B3C1F.tmp' to '../../../../../../Users/mjham/Documents/GitHub/UnrealLibNoise/ULNExample/Content/BaseImageViewer.uasset'
[2016.03.24-19.10.26:532][225]LogSavePackage: Total save time: 62.928066ms
[2016.03.24-19.10.26:532][225]LogSavePackage:Display: Finished SavePackage ../../../../../../Users/mjham/Documents/GitHub/UnrealLibNoise/ULNExample/Content/BaseImageViewer.uasset
[2016.03.24-19.12.23:668][320]Cmd: OBJ SAVEPACKAGE PACKAGE="/Game/BaseImageViewer" FILE="../../../../../../Users/mjham/Documents/GitHub/UnrealLibNoise/ULNExample/Content/BaseImageViewer.uasset" SILENT=true
[2016.03.24-19.12.23:734][320]LogSavePackage: Save=62.921040ms
[2016.03.24-19.12.23:734][320]LogSavePackage: Moving '../../../../../../Users/mjham/Documents/GitHub/UnrealLibNoise/ULNExample/Saved/BaseImageViewerF2D8FCA34B47A7E3152822BAAAD9B368.tmp' to '../../../../../../Users/mjham/Documents/GitHub/UnrealLibNoise/ULNExample/Content/BaseImageViewer.uasset'
[2016.03.24-19.12.23:737][320]LogSavePackage: Total save time: 68.353031ms
[2016.03.24-19.12.23:737][320]LogSavePackage:Display: Finished SavePackage ../../../../../../Users/mjham/Documents/GitHub/UnrealLibNoise/ULNExample/Content/BaseImageViewer.uasset
[2016.03.24-19.12.25:169][490]BlueprintLog: New page: Compile BaseImageViewer
[2016.03.24-19.12.25:252][490]BlueprintEditorCompileResults: Info [1073.20] Compile of BaseImageViewer successful! [in 82 ms]
[2016.03.24-19.12.26:317][614]Cmd: OBJ SAVEPACKAGE PACKAGE="/Game/BaseImageViewer" FILE="../../../../../../Users/mjham/Documents/GitHub/UnrealLibNoise/ULNExample/Content/BaseImageViewer.uasset" SILENT=true
[2016.03.24-19.12.26:370][614]LogSavePackage: Save=48.616306ms
[2016.03.24-19.12.26:370][614]LogSavePackage: Moving '../../../../../../Users/mjham/Documents/GitHub/UnrealLibNoise/ULNExample/Saved/BaseImageViewer559161EF4A9F01085CB918B292D584A5.tmp' to '../../../../../../Users/mjham/Documents/GitHub/UnrealLibNoise/ULNExample/Content/BaseImageViewer.uasset'
[2016.03.24-19.12.26:374][614]LogSavePackage: Total save time: 54.652337ms
[2016.03.24-19.12.26:374][614]LogSavePackage:Display: Finished SavePackage ../../../../../../Users/mjham/Documents/GitHub/UnrealLibNoise/ULNExample/Content/BaseImageViewer.uasset
[2016.03.24-19.13.20:968][495]Cmd: OBJ SAVEPACKAGE PACKAGE="/Game/BaseImageViewer" FILE="../../../../../../Users/mjham/Documents/GitHub/UnrealLibNoise/ULNExample/Content/BaseImageViewer.uasset" SILENT=true
[2016.03.24-19.13.21:021][495]LogSavePackage: Save=49.054707ms
[2016.03.24-19.13.21:021][495]LogSavePackage: Moving '../../../../../../Users/mjham/Documents/GitHub/UnrealLibNoise/ULNExample/Saved/BaseImageViewer374DEE9E4436C15561962CBFFAF9C74B.tmp' to '../../../../../../Users/mjham/Documents/GitHub/UnrealLibNoise/ULNExample/Content/BaseImageViewer.uasset'
[2016.03.24-19.13.21:022][495]LogSavePackage: Total save time: 53.108867ms
[2016.03.24-19.13.21:022][495]LogSavePackage:Display: Finished SavePackage ../../../../../../Users/mjham/Documents/GitHub/UnrealLibNoise/ULNExample/Content/BaseImageViewer.uasset
[2016.03.24-19.13.45:100][ 57]LogParticles: Destroying 0 GPU particle simulations for FXSystem 0x0000027169824D60
[2016.03.24-19.13.46:804][ 57]LogParticles: Destroying 0 GPU particle simulations for FXSystem 0x0000027169825620
[2016.03.24-19.14.03:123][738]BlueprintLog: New page: Compile PerlinUI
[2016.03.24-19.14.03:218][738]BlueprintEditorCompileResults: Info [1171.16] Compile of PerlinUI successful! [in 94 ms]
[2016.03.24-19.14.04:018][806]Cmd: OBJ SAVEPACKAGE PACKAGE="/Game/Examples/Perlin/PerlinUI" FILE="../../../../../../Users/mjham/Documents/GitHub/UnrealLibNoise/ULNExample/Content/Examples/Perlin/PerlinUI.uasset" SILENT=true
[2016.03.24-19.14.04:130][806]LogSavePackage: Save=103.825859ms
[2016.03.24-19.14.04:130][806]LogSavePackage: Moving '../../../../../../Users/mjham/Documents/GitHub/UnrealLibNoise/ULNExample/Saved/PerlinUI9651866E4C09640DC577B8B7C651CBAB.tmp' to '../../../../../../Users/mjham/Documents/GitHub/UnrealLibNoise/ULNExample/Content/Examples/Perlin/PerlinUI.uasset'
[2016.03.24-19.14.04:134][806]LogSavePackage: Total save time: 113.641545ms
[2016.03.24-19.14.04:134][806]LogSavePackage:Display: Finished SavePackage ../../../../../../Users/mjham/Documents/GitHub/UnrealLibNoise/ULNExample/Content/Examples/Perlin/PerlinUI.uasset
[2016.03.24-19.14.25:887][ 78]BlueprintLog: New page: Compile BillowyUI
[2016.03.24-19.14.25:982][ 78]LogParticles: Destroying 0 GPU particle simulations for FXSystem 0x000002710782D8A0
[2016.03.24-19.14.25:983][ 78]BlueprintEditorCompileResults: Info Event Construct (K2Node_Event_128) had an invalid function signature - it has now been fixed.
[2016.03.24-19.14.25:983][ 78]BlueprintEditorCompileResults: Info [1193.93] Compile of BillowyUI successful! [in 95 ms]
[2016.03.24-19.14.28:584][354]Cmd: OBJ SAVEPACKAGE PACKAGE="/Game/Examples/Billowy/BillowyUI" FILE="../../../../../../Users/mjham/Documents/GitHub/UnrealLibNoise/ULNExample/Content/Examples/Billowy/BillowyUI.uasset" SILENT=true
[2016.03.24-19.14.28:694][354]LogSavePackage: Save=102.537590ms
[2016.03.24-19.14.28:694][354]LogSavePackage: Moving '../../../../../../Users/mjham/Documents/GitHub/UnrealLibNoise/ULNExample/Saved/BillowyUIEC5D144F4DC7C5ED9B4DAABA96D4018B.tmp' to '../../../../../../Users/mjham/Documents/GitHub/UnrealLibNoise/ULNExample/Content/Examples/Billowy/BillowyUI.uasset'
[2016.03.24-19.14.28:698][354]LogSavePackage: Total save time: 112.103932ms
[2016.03.24-19.14.28:698][354]LogSavePackage:Display: Finished SavePackage ../../../../../../Users/mjham/Documents/GitHub/UnrealLibNoise/ULNExample/Content/Examples/Billowy/BillowyUI.uasset
[2016.03.24-19.14.32:603][801]LogAIModule: Creating AISystem for world BilowyLevel
[2016.03.24-19.14.32:624][801]LogParticles: Destroying 0 GPU particle simulations for FXSystem 0x0000027169F46B60
[2016.03.24-19.14.32:628][801]Cmd: MAP LOAD FILE="../../../../../../Users/mjham/Documents/GitHub/UnrealLibNoise/ULNExample/Content/Examples/Billowy/BilowyLevel.umap" TEMPLATE=0 SHOWPROGRESS=1 FEATURELEVEL=3
[2016.03.24-19.14.32:628][801]LightingResults: New page: Lighting Build
[2016.03.24-19.14.32:641][801]LoadErrors: New page: Loading map: BilowyLevel.umap
[2016.03.24-19.14.32:642][801]MapCheck: New page: Map Check
[2016.03.24-19.14.32:642][801]LightingResults: New page: Lighting Build
[2016.03.24-19.14.32:658][801]LogParticles: Destroying 0 GPU particle simulations for FXSystem 0x0000027138B07560
[2016.03.24-19.14.32:660][801]LogParticles: Destroying 0 GPU particle simulations for FXSystem 0x0000027169F47060
[2016.03.24-19.14.32:663][801]LogParticles: Destroying 0 GPU particle simulations for FXSystem 0x000002710782EAC0
[2016.03.24-19.14.32:712][801]LogEditorServer: Finished looking for orphan Actors (0.000 secs)
[2016.03.24-19.14.32:7