[2016.03.24-18.32.55:121][  0]Log file open, 03/24/16 14:32:55
[2016.03.24-18.32.55:121][  0]LogInit:Display: Running engine for game: ULNExample
[2016.03.24-18.32.55:121][  0]LogPlatformFile: Not using cached read wrapper
[2016.03.24-18.32.55:121][  0]LogInit:Display: RandInit(-1152258277) SRandInit(-1152258276).
[2016.03.24-18.32.55:121][  0]LogTaskGraph: Started task graph with 4 named threads and 7 total threads.
[2016.03.24-18.32.55:121][  0]LogStats: Stats thread started at 0.068728
[2016.03.24-18.32.55:121][  0]LogInit: Version: 4.10.4-2872498+++depot+UE4-Releases+4.10
[2016.03.24-18.32.55:121][  0]LogInit: API Version: 2758231
[2016.03.24-18.32.55:121][  0]LogInit: Compiled (64-bit): Feb 18 2016 15:47:04
[2016.03.24-18.32.55:121][  0]LogInit: Compiled with Visual C++: 19.00.23026.00
[2016.03.24-18.32.55:121][  0]LogInit: Build Configuration: Development
[2016.03.24-18.32.55:121][  0]LogInit: Branch Name: ++depot+UE4-Releases+4.10
[2016.03.24-18.32.55:121][  0]LogInit: Command line:  /Temp/Autosaves/Game/Examples/Billowy/UEDPCBilowyLevel -game -PIEVIACONSOLE -ResX=1280 -ResY=720  -Multiprocess 
[2016.03.24-18.32.55:121][  0]LogInit: Base directory: D:/Program Files (x86)/Epic Games/4.10/Engine/Binaries/Win64/
[2016.03.24-18.32.55:121][  0]LogInit: Rocket: 1
[2016.03.24-18.32.55:127][  0]LogInit: Using libcurl 7.41.0
[2016.03.24-18.32.55:127][  0]LogInit:  - built for x86_64-pc-win32
[2016.03.24-18.32.55:127][  0]LogInit:  - supports SSL with WinSSL
[2016.03.24-18.32.55:127][  0]LogInit:  - other features:
[2016.03.24-18.32.55:127][  0]LogInit:      CURL_VERSION_SSL
[2016.03.24-18.32.55:127][  0]LogInit:      CURL_VERSION_IPV6
[2016.03.24-18.32.55:127][  0]LogInit:      CURL_VERSION_ASYNCHDNS
[2016.03.24-18.32.55:127][  0]LogInit:      CURL_VERSION_LARGEFILE
[2016.03.24-18.32.55:127][  0]LogInit:      CURL_VERSION_IDN
[2016.03.24-18.32.55:127][  0]LogInit:  CurlRequestOptions (configurable via config and command line):
[2016.03.24-18.32.55:127][  0]LogInit:  - bVerifyPeer = true  - Libcurl will verify peer certificate
[2016.03.24-18.32.55:127][  0]LogInit:  - bUseHttpProxy = false  - Libcurl will NOT use HTTP proxy
[2016.03.24-18.32.55:127][  0]LogInit:  - bDontReuseConnections = false  - Libcurl will reuse connections
[2016.03.24-18.32.55:127][  0]LogInit:  - CertBundlePath = nullptr  - Libcurl will use whatever was configured at build time.
[2016.03.24-18.32.55:131][  0]LogInit: Presizing for 0 objects not considered by GC, pre-allocating 0 bytes.
[2016.03.24-18.32.55:136][  0]LogInit: Object subsystem initialized
[2016.03.24-18.32.55:136][  0]LogInit: Selected Device Profile: [Windows]
[2016.03.24-18.32.55:136][  0]LogInit: Applying CVar settings loaded from the selected device profile: [Windows]
[2016.03.24-18.32.55:138][  0]LogInit: Computer: DESKTOP-3ABQRE3
[2016.03.24-18.32.55:138][  0]LogInit: User: mjham
[2016.03.24-18.32.55:138][  0]LogInit: CPU Page size=4096, Cores=4
[2016.03.24-18.32.55:138][  0]LogInit: High frequency timer resolution =3.416981 MHz
[2016.03.24-18.32.55:138][  0]LogMemory: Memory total: Physical=15.9GB (16GB approx)
[2016.03.24-18.32.55:138][  0]LogMemory: Platform Memory Stats for Windows
[2016.03.24-18.32.55:138][  0]LogMemory: Process Physical Memory: 56.96 MB used, 56.96 MB peak
[2016.03.24-18.32.55:138][  0]LogMemory: Process Virtual Memory: 58.69 MB used, 58.69 MB peak
[2016.03.24-18.32.55:138][  0]LogMemory: Physical Memory: 4876.93 MB used, 16269.04 MB total
[2016.03.24-18.32.55:138][  0]LogMemory: Virtual Memory: 385.43 MB used, 134217728.00 MB total
[2016.03.24-18.32.55:179][  0]LogTextLocalizationManager: No specific translations for ('en-US') exist, so ('en') translations will be used.
[2016.03.24-18.32.55:486][  0]LogD3D11RHI: Found D3D11 adapter 0: NVIDIA GeForce GTX 970 (Feature Level 11_0)
[2016.03.24-18.32.55:486][  0]LogD3D11RHI: Adapter has 4007MB of dedicated video memory, 0MB of dedicated system memory, and 8134MB of shared system memory, 1 output[s]
[2016.03.24-18.32.55:493][  0]LogD3D11RHI: Found D3D11 adapter 1: Intel(R) HD Graphics 4600 (Feature Level 11_0)
[2016.03.24-18.32.55:493][  0]LogD3D11RHI: Adapter has 112MB of dedicated video memory, 0MB of dedicated system memory, and 8134MB of shared system memory, 0 output[s]
[2016.03.24-18.32.55:528][  0]LogD3D11RHI: Found D3D11 adapter 2: NVIDIA GeForce GTX 970 (Feature Level 11_0)
[2016.03.24-18.32.55:528][  0]LogD3D11RHI: Adapter has 4007MB of dedicated video memory, 0MB of dedicated system memory, and 8134MB of shared system memory, 0 output[s]
[2016.03.24-18.32.55:530][  0]LogD3D11RHI: Found D3D11 adapter 3: Microsoft Basic Render Driver (Feature Level 11_0)
[2016.03.24-18.32.55:530][  0]LogD3D11RHI: Adapter has 0MB of dedicated video memory, 0MB of dedicated system memory, and 8134MB of shared system memory, 0 output[s]
[2016.03.24-18.32.55:530][  0]LogD3D11RHI: Chosen D3D11 Adapter Id = 0
[2016.03.24-18.32.55:533][  0]LogD3D11RHI: !Direct3DDevice
[2016.03.24-18.32.55:533][  0]LogRHI: Texture pool is 1361 MB (70% of 1945 MB)
[2016.03.24-18.32.55:546][  0]LogD3D11RHI: Async texture creation enabled
[2016.03.24-18.32.55:562][  0]LogShaderCompilers: Guid format shader working directory is -26 characters bigger than the processId version (../../../../../../Users/mjham/Documents/UnrealLibNoise-master/ULNExample/Intermediate/Shaders/WorkingDirectory/7388/).
[2016.03.24-18.32.55:562][  0]LogShaderCompilers: Cleaned the shader compiler working directory 'C:/Users/mjham/AppData/Local/Temp/UnrealShaderWorkingDir/9B825D2F43F9E4E9F7FE348E4A7ED5B0/'.
[2016.03.24-18.32.55:562][  0]LogShaderCompilers:Display: Using Local Shader Compiler.
[2016.03.24-18.32.56:261][  0]LogTemp:Display: Loaded TP AllDesktopTargetPlatform
[2016.03.24-18.32.56:264][  0]LogTemp:Display: Loaded TP WindowsClientTargetPlatform
[2016.03.24-18.32.56:267][  0]LogTemp:Display: Loaded TP WindowsNoEditorTargetPlatform
[2016.03.24-18.32.56:270][  0]LogTemp:Display: Loaded TP WindowsServerTargetPlatform
[2016.03.24-18.32.56:273][  0]LogTemp:Display: Loaded TP WindowsTargetPlatform
[2016.03.24-18.32.56:275][  0]LogTemp:Display: Loaded TP AndroidTargetPlatform
[2016.03.24-18.32.56:277][  0]LogTemp:Display: Loaded TP Android_ASTCTargetPlatform
[2016.03.24-18.32.56:280][  0]LogTemp:Display: Loaded TP Android_ATCTargetPlatform
[2016.03.24-18.32.56:282][  0]LogTemp:Display: Loaded TP Android_DXTTargetPlatform
[2016.03.24-18.32.56:285][  0]LogTemp:Display: Loaded TP Android_ETC1TargetPlatform
[2016.03.24-18.32.56:287][  0]LogTemp:Display: Loaded TP Android_ETC2TargetPlatform
[2016.03.24-18.32.56:292][  0]LogTemp:Display: Loaded TP Android_MultiTargetPlatform
[2016.03.24-18.32.56:292][  0]LogTemp:Display: Loaded TP Android_PVRTCTargetPlatform
[2016.03.24-18.32.56:292][  0]LogTemp:Display: Loaded TP HTML5TargetPlatform
[2016.03.24-18.32.56:308][  0]LogTemp:Display: Loaded TP IOSTargetPlatform
[2016.03.24-18.32.56:310][  0]LogTemp:Display: Loaded TP LinuxNoEditorTargetPlatform
[2016.03.24-18.32.56:312][  0]LogTemp:Display: Loaded TP LinuxServerTargetPlatform
[2016.03.24-18.32.56:315][  0]LogTemp:Display: Loaded TP LinuxTargetPlatform
[2016.03.24-18.32.56:315][  0]LogTargetPlatformManager:Display: Building Assets For Windows
[2016.03.24-18.32.56:381][  0]LogDerivedDataCache:Display: Max Cache Size: 512 MB
[2016.03.24-18.32.56:415][  0]LogDerivedDataCache: Loaded boot cache 0.03s 41MB C:/Users/mjham/AppData/Local/UnrealEngine/4.10/DerivedDataCache/Boot.ddc.
[2016.03.24-18.32.56:415][  0]LogDerivedDataCache:Display: Loaded Boot cache: C:/Users/mjham/AppData/Local/UnrealEngine/4.10/DerivedDataCache/Boot.ddc
[2016.03.24-18.32.56:415][  0]LogDerivedDataCache: FDerivedDataBackendGraph:  Pak pak cache file ../../../../../../Users/mjham/Documents/UnrealLibNoise-master/ULNExample/DerivedDataCache/DDC.ddp not found, will not use a pak cache.
[2016.03.24-18.32.56:415][  0]LogDerivedDataCache: Unable to find inner node Pak for hierarchical cache Hierarchy.
[2016.03.24-18.32.56:415][  0]LogDerivedDataCache: FDerivedDataBackendGraph:  CompressedPak pak cache file ../../../../../../Users/mjham/Documents/UnrealLibNoise-master/ULNExample/DerivedDataCache/Compressed.ddp not found, will not use a pak cache.
[2016.03.24-18.32.56:415][  0]LogDerivedDataCache: Unable to find inner node CompressedPak for hierarchical cache Hierarchy.
[2016.03.24-18.32.56:460][  0]LogDerivedDataCache:Display: Pak cache opened for reading ../../../Engine/DerivedDataCache/Compressed.ddp.
[2016.03.24-18.32.56:471][  0]LogDerivedDataCache: Using Local data cache path C:/Users/mjham/AppData/Local/UnrealEngine/Common/DerivedDataCache: Writable
[2016.03.24-18.32.56:607][  0]LogInit: Selected Device Profile: [Windows]
[2016.03.24-18.32.56:610][  0]LogContentStreaming: Texture pool size is 1000.000000MB
[2016.03.24-18.32.56:687][  0]LogMeshUtilities: No automatic mesh reduction module available
[2016.03.24-18.32.56:687][  0]LogMeshUtilities: No automatic mesh merging module available
[2016.03.24-18.32.56:841][  0]LogInit: WinSock: version 1.1 (2.2), MaxSocks=32767, MaxUdp=65467
[2016.03.24-18.32.57:019][  0]LogWindowsMoviePlayer: Unable to load movie: ../../../../../../Users/mjham/Documents/UnrealLibNoise-master/ULNExample/Content/Movies/Default_Startup.mp4
[2016.03.24-18.32.57:108][  0]SourceControl: Info Source control is disabled
[2016.03.24-18.32.57:108][  0]SourceControl: Info Source control is disabled
[2016.03.24-18.32.57:119][  0]SourceControl: Info Source control is disabled
[2016.03.24-18.32.57:301][  0]LogObj: 28466 objects as part of root set at end of initial load.
[2016.03.24-18.32.57:301][  0]LogUObjectAllocator: 5925408 out of 0 bytes used by permanent object pool.
[2016.03.24-18.32.57:345][  0]LogEngine: Initializing Engine...
[2016.03.24-18.32.57:348][  0]LogHMD: Can't find Oculus library dev build: is proper Runtime installed? Version: 0.8.0.0
[2016.03.24-18.32.57:348][  0]LogHMD: SteamVR failed to initialize.  Err: 110
[2016.03.24-18.32.57:480][  0]LogInit: XAudio2 using 'NS-32D312NA15-4 (3- NVIDIA High Definition Audio)' : 2 channels at 48 kHz using 16 bits per sample (channel mask 0x3)
[2016.03.24-18.32.57:506][  0]LogInit: FAudioDevice initialized.
[2016.03.24-18.32.57:508][  0]LogInit: Texture streaming: Enabled
[2016.03.24-18.32.57:612][  0]LogNet: Browse: /Temp/Autosaves/Game/Examples/Billowy/UEDPCBilowyLevel?Name=Player
[2016.03.24-18.32.57:613][  0]LogLoad: LoadMap: /Temp/Autosaves/Game/Examples/Billowy/UEDPCBilowyLevel?Name=Player
[2016.03.24-18.32.57:634][  0]LogParticles: Destroying 0 GPU particle simulations for FXSystem 0x000001CA28CDEF20
[2016.03.24-18.32.57:653][  0]LogMemory: Platform Memory Stats for Windows
[2016.03.24-18.32.57:653][  0]LogMemory: Process Physical Memory: 403.54 MB used, 403.54 MB peak
[2016.03.24-18.32.57:653][  0]LogMemory: Process Virtual Memory: 446.41 MB used, 446.41 MB peak
[2016.03.24-18.32.57:653][  0]LogMemory: Physical Memory: 5169.91 MB used, 16269.04 MB total
[2016.03.24-18.32.57:653][  0]LogMemory: Virtual Memory: 999.44 MB used, 134217728.00 MB total
[2016.03.24-18.32.57:653][  0]LogMemory: 
[2016.03.24-18.32.57:653][  0]Allocator Stats for TBB: (not implemented)
[2016.03.24-18.32.57:788][  0]LogAIModule: Creating AISystem for world BilowyLevel
[2016.03.24-18.32.57:789][  0]LogWorld: Game class is 'BillowyGameMode_C'
[2016.03.24-18.32.57:804][  0]LogWorld: Bringing World /Temp/Autosaves/Game/Examples/Billowy/UEDPCBilowyLevel.BilowyLevel up for play (max tick rate 0) at 2016.03.24-14.32.57
[2016.03.24-18.32.57:804][  0]LogWorld: Bringing up level for play took: 0.000479
[2016.03.24-18.32.59:344][  0]LogInit:Display: Game Engine Initialized.
[2016.03.24-18.32.59:560][  0]LogLoad: Full Startup: 4.68 seconds (BP compile: 0.05 seconds)
[2016.03.24-18.32.59:580][  0]LogOcInput: Can't find Oculus library dev build: is proper Runtime installed? Version: 0.8.0.0
[2016.03.24-18.32.59:674][  2]LogRenderer: Reallocating scene render targets to support 1280x720 (Frame:2).
[2016.03.24-18.33.01:385][100]LogRenderer: Reallocating scene render targets to support 1920x1020 (Frame:103).
[2016.03.24-18.33.08:067][512]LogRenderer: Reallocating scene render targets to support 1